<?xml version="1.0" encoding="UTF-8"?>
<testsuite xmlns:xsi="http://www.w3.org/2001/XMLSchema-instance" xsi:noNamespaceSchemaLocation="https://maven.apache.org/surefire/maven-surefire-plugin/xsd/surefire-test-report.xsd" name="za.ac.nwu.ac.repo.persistence.AccountTypeRepositoryTest" time="0.206" tests="1" errors="0" skipped="1" failures="0">
  <properties>
    <property name="java.specification.version" value="16"/>
    <property name="sun.cpu.isalist" value="amd64"/>
    <property name="sun.jnu.encoding" value="Cp1252"/>
    <property name="java.class.path" value="D:\Documents\CMPG323_PROJECT\AccountSystem\AccountSystemRepository\target\test-classes;D:\Documents\CMPG323_PROJECT\AccountSystem\AccountSystemRepository\target\classes;D:\Documents\CMPG323_PROJECT\AccountSystem\AccountSystemDomain\target\AccountSystemDomain-1.0-SNAPSHOT.jar;D:\Documents\CMPG323_PROJECT\repo\com\fasterxml\jackson\core\jackson-annotations\2.9.0\jackson-annotations-2.9.0.jar;D:\Documents\CMPG323_PROJECT\repo\io\swagger\swagger-annotations\1.5.20\swagger-annotations-1.5.20.jar;D:\Documents\CMPG323_PROJECT\repo\org\springframework\boot\spring-boot-starter\2.1.6.RELEASE\spring-boot-starter-2.1.6.RELEASE.jar;D:\Documents\CMPG323_PROJECT\repo\org\springframework\boot\spring-boot\2.1.6.RELEASE\spring-boot-2.1.6.RELEASE.jar;D:\Documents\CMPG323_PROJECT\repo\org\springframework\spring-context\5.1.8.RELEASE\spring-context-5.1.8.RELEASE.jar;D:\Documents\CMPG323_PROJECT\repo\org\springframework\spring-expression\5.1.8.RELEASE\spring-expression-5.1.8.RELEASE.jar;D:\Documents\CMPG323_PROJECT\repo\org\springframework\boot\spring-boot-autoconfigure\2.1.6.RELEASE\spring-boot-autoconfigure-2.1.6.RELEASE.jar;D:\Documents\CMPG323_PROJECT\repo\org\springframework\boot\spring-boot-starter-logging\2.1.6.RELEASE\spring-boot-starter-logging-2.1.6.RELEASE.jar;D:\Documents\CMPG323_PROJECT\repo\ch\qos\logback\logback-classic\1.2.3\logback-classic-1.2.3.jar;D:\Documents\CMPG323_PROJECT\repo\ch\qos\logback\logback-core\1.2.3\logback-core-1.2.3.jar;D:\Documents\CMPG323_PROJECT\repo\org\apache\logging\log4j\log4j-to-slf4j\2.11.2\log4j-to-slf4j-2.11.2.jar;D:\Documents\CMPG323_PROJECT\repo\org\apache\logging\log4j\log4j-api\2.11.2\log4j-api-2.11.2.jar;D:\Documents\CMPG323_PROJECT\repo\org\slf4j\jul-to-slf4j\1.7.26\jul-to-slf4j-1.7.26.jar;D:\Documents\CMPG323_PROJECT\repo\javax\annotation\javax.annotation-api\1.3.2\javax.annotation-api-1.3.2.jar;D:\Documents\CMPG323_PROJECT\repo\org\springframework\spring-core\5.1.8.RELEASE\spring-core-5.1.8.RELEASE.jar;D:\Documents\CMPG323_PROJECT\repo\org\springframework\spring-jcl\5.1.8.RELEASE\spring-jcl-5.1.8.RELEASE.jar;D:\Documents\CMPG323_PROJECT\repo\org\yaml\snakeyaml\1.23\snakeyaml-1.23.jar;D:\Documents\CMPG323_PROJECT\repo\org\springframework\boot\spring-boot-starter-data-jpa\2.1.6.RELEASE\spring-boot-starter-data-jpa-2.1.6.RELEASE.jar;D:\Documents\CMPG323_PROJECT\repo\org\springframework\boot\spring-boot-starter-aop\2.1.6.RELEASE\spring-boot-starter-aop-2.1.6.RELEASE.jar;D:\Documents\CMPG323_PROJECT\repo\org\springframework\spring-aop\5.1.8.RELEASE\spring-aop-5.1.8.RELEASE.jar;D:\Documents\CMPG323_PROJECT\repo\org\aspectj\aspectjweaver\1.9.4\aspectjweaver-1.9.4.jar;D:\Documents\CMPG323_PROJECT\repo\org\springframework\boot\spring-boot-starter-jdbc\2.1.6.RELEASE\spring-boot-starter-jdbc-2.1.6.RELEASE.jar;D:\Documents\CMPG323_PROJECT\repo\com\zaxxer\HikariCP\3.2.0\HikariCP-3.2.0.jar;D:\Documents\CMPG323_PROJECT\repo\org\springframework\spring-jdbc\5.1.8.RELEASE\spring-jdbc-5.1.8.RELEASE.jar;D:\Documents\CMPG323_PROJECT\repo\javax\transaction\javax.transaction-api\1.3\javax.transaction-api-1.3.jar;D:\Documents\CMPG323_PROJECT\repo\javax\xml\bind\jaxb-api\2.3.1\jaxb-api-2.3.1.jar;D:\Documents\CMPG323_PROJECT\repo\javax\activation\javax.activation-api\1.2.0\javax.activation-api-1.2.0.jar;D:\Documents\CMPG323_PROJECT\repo\org\hibernate\hibernate-core\5.3.10.Final\hibernate-core-5.3.10.Final.jar;D:\Documents\CMPG323_PROJECT\repo\javax\persistence\javax.persistence-api\2.2\javax.persistence-api-2.2.jar;D:\Documents\CMPG323_PROJECT\repo\org\javassist\javassist\3.23.2-GA\javassist-3.23.2-GA.jar;D:\Documents\CMPG323_PROJECT\repo\net\bytebuddy\byte-buddy\1.9.13\byte-buddy-1.9.13.jar;D:\Documents\CMPG323_PROJECT\repo\antlr\antlr\2.7.7\antlr-2.7.7.jar;D:\Documents\CMPG323_PROJECT\repo\org\jboss\jandex\2.0.5.Final\jandex-2.0.5.Final.jar;D:\Documents\CMPG323_PROJECT\repo\com\fasterxml\classmate\1.4.0\classmate-1.4.0.jar;D:\Documents\CMPG323_PROJECT\repo\org\dom4j\dom4j\2.1.1\dom4j-2.1.1.jar;D:\Documents\CMPG323_PROJECT\repo\org\hibernate\common\hibernate-commons-annotations\5.0.4.Final\hibernate-commons-annotations-5.0.4.Final.jar;D:\Documents\CMPG323_PROJECT\repo\org\springframework\data\spring-data-jpa\2.1.9.RELEASE\spring-data-jpa-2.1.9.RELEASE.jar;D:\Documents\CMPG323_PROJECT\repo\org\springframework\data\spring-data-commons\2.1.9.RELEASE\spring-data-commons-2.1.9.RELEASE.jar;D:\Documents\CMPG323_PROJECT\repo\org\springframework\spring-orm\5.1.8.RELEASE\spring-orm-5.1.8.RELEASE.jar;D:\Documents\CMPG323_PROJECT\repo\org\springframework\spring-tx\5.1.8.RELEASE\spring-tx-5.1.8.RELEASE.jar;D:\Documents\CMPG323_PROJECT\repo\org\springframework\spring-beans\5.1.8.RELEASE\spring-beans-5.1.8.RELEASE.jar;D:\Documents\CMPG323_PROJECT\repo\org\slf4j\slf4j-api\1.7.26\slf4j-api-1.7.26.jar;D:\Documents\CMPG323_PROJECT\repo\org\springframework\spring-aspects\5.1.8.RELEASE\spring-aspects-5.1.8.RELEASE.jar;D:\Documents\CMPG323_PROJECT\repo\org\hibernate\hibernate-java8\5.3.10.Final\hibernate-java8-5.3.10.Final.jar;D:\Documents\CMPG323_PROJECT\repo\org\jboss\logging\jboss-logging\3.3.2.Final\jboss-logging-3.3.2.Final.jar;D:\Documents\CMPG323_PROJECT\repo\mysql\mysql-connector-java\8.0.16\mysql-connector-java-8.0.16.jar;D:\Documents\CMPG323_PROJECT\repo\com\h2database\h2\1.4.199\h2-1.4.199.jar;D:\Documents\CMPG323_PROJECT\repo\org\springframework\boot\spring-boot-starter-test\2.1.6.RELEASE\spring-boot-starter-test-2.1.6.RELEASE.jar;D:\Documents\CMPG323_PROJECT\repo\org\springframework\boot\spring-boot-test\2.1.6.RELEASE\spring-boot-test-2.1.6.RELEASE.jar;D:\Documents\CMPG323_PROJECT\repo\org\springframework\boot\spring-boot-test-autoconfigure\2.1.6.RELEASE\spring-boot-test-autoconfigure-2.1.6.RELEASE.jar;D:\Documents\CMPG323_PROJECT\repo\com\jayway\jsonpath\json-path\2.4.0\json-path-2.4.0.jar;D:\Documents\CMPG323_PROJECT\repo\net\minidev\json-smart\2.3\json-smart-2.3.jar;D:\Documents\CMPG323_PROJECT\repo\net\minidev\accessors-smart\1.2\accessors-smart-1.2.jar;D:\Documents\CMPG323_PROJECT\repo\org\ow2\asm\asm\5.0.4\asm-5.0.4.jar;D:\Documents\CMPG323_PROJECT\repo\junit\junit\4.12\junit-4.12.jar;D:\Documents\CMPG323_PROJECT\repo\org\assertj\assertj-core\3.11.1\assertj-core-3.11.1.jar;D:\Documents\CMPG323_PROJECT\repo\org\mockito\mockito-core\2.23.4\mockito-core-2.23.4.jar;D:\Documents\CMPG323_PROJECT\repo\net\bytebuddy\byte-buddy-agent\1.9.13\byte-buddy-agent-1.9.13.jar;D:\Documents\CMPG323_PROJECT\repo\org\objenesis\objenesis\2.6\objenesis-2.6.jar;D:\Documents\CMPG323_PROJECT\repo\org\hamcrest\hamcrest-core\1.3\hamcrest-core-1.3.jar;D:\Documents\CMPG323_PROJECT\repo\org\hamcrest\hamcrest-library\1.3\hamcrest-library-1.3.jar;D:\Documents\CMPG323_PROJECT\repo\org\skyscreamer\jsonassert\1.5.0\jsonassert-1.5.0.jar;D:\Documents\CMPG323_PROJECT\repo\com\vaadin\external\google\android-json\0.0.20131108.vaadin1\android-json-0.0.20131108.vaadin1.jar;D:\Documents\CMPG323_PROJECT\repo\org\springframework\spring-test\5.1.8.RELEASE\spring-test-5.1.8.RELEASE.jar;D:\Documents\CMPG323_PROJECT\repo\org\xmlunit\xmlunit-core\2.6.2\xmlunit-core-2.6.2.jar;"/>
    <property name="java.vm.vendor" value="Oracle Corporation"/>
    <property name="sun.arch.data.model" value="64"/>
    <property name="user.variant" value=""/>
    <property name="java.vendor.url" value="https://java.oracle.com/"/>
    <property name="user.timezone" value="Africa/Johannesburg"/>
    <property name="os.name" value="Windows 10"/>
    <property name="java.vm.specification.version" value="16"/>
    <property name="sun.java.launcher" value="SUN_STANDARD"/>
    <property name="user.country" value="US"/>
    <property name="sun.boot.library.path" value="D:\Programming\Java_JDK_16.0.2\bin"/>
    <property name="sun.java.command" value="C:\Users\qdeet\AppData\Local\Temp\surefire8584818881793278367\surefirebooter7119864334521585984.jar C:\Users\qdeet\AppData\Local\Temp\surefire8584818881793278367 2021-09-29T16-00-26_124-jvmRun1 surefire17184245817887784008tmp surefire_010951164435624896461tmp"/>
    <property name="jdk.debug" value="release"/>
    <property name="surefire.test.class.path" value="D:\Documents\CMPG323_PROJECT\AccountSystem\AccountSystemRepository\target\test-classes;D:\Documents\CMPG323_PROJECT\AccountSystem\AccountSystemRepository\target\classes;D:\Documents\CMPG323_PROJECT\AccountSystem\AccountSystemDomain\target\AccountSystemDomain-1.0-SNAPSHOT.jar;D:\Documents\CMPG323_PROJECT\repo\com\fasterxml\jackson\core\jackson-annotations\2.9.0\jackson-annotations-2.9.0.jar;D:\Documents\CMPG323_PROJECT\repo\io\swagger\swagger-annotations\1.5.20\swagger-annotations-1.5.20.jar;D:\Documents\CMPG323_PROJECT\repo\org\springframework\boot\spring-boot-starter\2.1.6.RELEASE\spring-boot-starter-2.1.6.RELEASE.jar;D:\Documents\CMPG323_PROJECT\repo\org\springframework\boot\spring-boot\2.1.6.RELEASE\spring-boot-2.1.6.RELEASE.jar;D:\Documents\CMPG323_PROJECT\repo\org\springframework\spring-context\5.1.8.RELEASE\spring-context-5.1.8.RELEASE.jar;D:\Documents\CMPG323_PROJECT\repo\org\springframework\spring-expression\5.1.8.RELEASE\spring-expression-5.1.8.RELEASE.jar;D:\Documents\CMPG323_PROJECT\repo\org\springframework\boot\spring-boot-autoconfigure\2.1.6.RELEASE\spring-boot-autoconfigure-2.1.6.RELEASE.jar;D:\Documents\CMPG323_PROJECT\repo\org\springframework\boot\spring-boot-starter-logging\2.1.6.RELEASE\spring-boot-starter-logging-2.1.6.RELEASE.jar;D:\Documents\CMPG323_PROJECT\repo\ch\qos\logback\logback-classic\1.2.3\logback-classic-1.2.3.jar;D:\Documents\CMPG323_PROJECT\repo\ch\qos\logback\logback-core\1.2.3\logback-core-1.2.3.jar;D:\Documents\CMPG323_PROJECT\repo\org\apache\logging\log4j\log4j-to-slf4j\2.11.2\log4j-to-slf4j-2.11.2.jar;D:\Documents\CMPG323_PROJECT\repo\org\apache\logging\log4j\log4j-api\2.11.2\log4j-api-2.11.2.jar;D:\Documents\CMPG323_PROJECT\repo\org\slf4j\jul-to-slf4j\1.7.26\jul-to-slf4j-1.7.26.jar;D:\Documents\CMPG323_PROJECT\repo\javax\annotation\javax.annotation-api\1.3.2\javax.annotation-api-1.3.2.jar;D:\Documents\CMPG323_PROJECT\repo\org\springframework\spring-core\5.1.8.RELEASE\spring-core-5.1.8.RELEASE.jar;D:\Documents\CMPG323_PROJECT\repo\org\springframework\spring-jcl\5.1.8.RELEASE\spring-jcl-5.1.8.RELEASE.jar;D:\Documents\CMPG323_PROJECT\repo\org\yaml\snakeyaml\1.23\snakeyaml-1.23.jar;D:\Documents\CMPG323_PROJECT\repo\org\springframework\boot\spring-boot-starter-data-jpa\2.1.6.RELEASE\spring-boot-starter-data-jpa-2.1.6.RELEASE.jar;D:\Documents\CMPG323_PROJECT\repo\org\springframework\boot\spring-boot-starter-aop\2.1.6.RELEASE\spring-boot-starter-aop-2.1.6.RELEASE.jar;D:\Documents\CMPG323_PROJECT\repo\org\springframework\spring-aop\5.1.8.RELEASE\spring-aop-5.1.8.RELEASE.jar;D:\Documents\CMPG323_PROJECT\repo\org\aspectj\aspectjweaver\1.9.4\aspectjweaver-1.9.4.jar;D:\Documents\CMPG323_PROJECT\repo\org\springframework\boot\spring-boot-starter-jdbc\2.1.6.RELEASE\spring-boot-starter-jdbc-2.1.6.RELEASE.jar;D:\Documents\CMPG323_PROJECT\repo\com\zaxxer\HikariCP\3.2.0\HikariCP-3.2.0.jar;D:\Documents\CMPG323_PROJECT\repo\org\springframework\spring-jdbc\5.1.8.RELEASE\spring-jdbc-5.1.8.RELEASE.jar;D:\Documents\CMPG323_PROJECT\repo\javax\transaction\javax.transaction-api\1.3\javax.transaction-api-1.3.jar;D:\Documents\CMPG323_PROJECT\repo\javax\xml\bind\jaxb-api\2.3.1\jaxb-api-2.3.1.jar;D:\Documents\CMPG323_PROJECT\repo\javax\activation\javax.activation-api\1.2.0\javax.activation-api-1.2.0.jar;D:\Documents\CMPG323_PROJECT\repo\org\hibernate\hibernate-core\5.3.10.Final\hibernate-core-5.3.10.Final.jar;D:\Documents\CMPG323_PROJECT\repo\javax\persistence\javax.persistence-api\2.2\javax.persistence-api-2.2.jar;D:\Documents\CMPG323_PROJECT\repo\org\javassist\javassist\3.23.2-GA\javassist-3.23.2-GA.jar;D:\Documents\CMPG323_PROJECT\repo\net\bytebuddy\byte-buddy\1.9.13\byte-buddy-1.9.13.jar;D:\Documents\CMPG323_PROJECT\repo\antlr\antlr\2.7.7\antlr-2.7.7.jar;D:\Documents\CMPG323_PROJECT\repo\org\jboss\jandex\2.0.5.Final\jandex-2.0.5.Final.jar;D:\Documents\CMPG323_PROJECT\repo\com\fasterxml\classmate\1.4.0\classmate-1.4.0.jar;D:\Documents\CMPG323_PROJECT\repo\org\dom4j\dom4j\2.1.1\dom4j-2.1.1.jar;D:\Documents\CMPG323_PROJECT\repo\org\hibernate\common\hibernate-commons-annotations\5.0.4.Final\hibernate-commons-annotations-5.0.4.Final.jar;D:\Documents\CMPG323_PROJECT\repo\org\springframework\data\spring-data-jpa\2.1.9.RELEASE\spring-data-jpa-2.1.9.RELEASE.jar;D:\Documents\CMPG323_PROJECT\repo\org\springframework\data\spring-data-commons\2.1.9.RELEASE\spring-data-commons-2.1.9.RELEASE.jar;D:\Documents\CMPG323_PROJECT\repo\org\springframework\spring-orm\5.1.8.RELEASE\spring-orm-5.1.8.RELEASE.jar;D:\Documents\CMPG323_PROJECT\repo\org\springframework\spring-tx\5.1.8.RELEASE\spring-tx-5.1.8.RELEASE.jar;D:\Documents\CMPG323_PROJECT\repo\org\springframework\spring-beans\5.1.8.RELEASE\spring-beans-5.1.8.RELEASE.jar;D:\Documents\CMPG323_PROJECT\repo\org\slf4j\slf4j-api\1.7.26\slf4j-api-1.7.26.jar;D:\Documents\CMPG323_PROJECT\repo\org\springframework\spring-aspects\5.1.8.RELEASE\spring-aspects-5.1.8.RELEASE.jar;D:\Documents\CMPG323_PROJECT\repo\org\hibernate\hibernate-java8\5.3.10.Final\hibernate-java8-5.3.10.Final.jar;D:\Documents\CMPG323_PROJECT\repo\org\jboss\logging\jboss-logging\3.3.2.Final\jboss-logging-3.3.2.Final.jar;D:\Documents\CMPG323_PROJECT\repo\mysql\mysql-connector-java\8.0.16\mysql-connector-java-8.0.16.jar;D:\Documents\CMPG323_PROJECT\repo\com\h2database\h2\1.4.199\h2-1.4.199.jar;D:\Documents\CMPG323_PROJECT\repo\org\springframework\boot\spring-boot-starter-test\2.1.6.RELEASE\spring-boot-starter-test-2.1.6.RELEASE.jar;D:\Documents\CMPG323_PROJECT\repo\org\springframework\boot\spring-boot-test\2.1.6.RELEASE\spring-boot-test-2.1.6.RELEASE.jar;D:\Documents\CMPG323_PROJECT\repo\org\springframework\boot\spring-boot-test-autoconfigure\2.1.6.RELEASE\spring-boot-test-autoconfigure-2.1.6.RELEASE.jar;D:\Documents\CMPG323_PROJECT\repo\com\jayway\jsonpath\json-path\2.4.0\json-path-2.4.0.jar;D:\Documents\CMPG323_PROJECT\repo\net\minidev\json-smart\2.3\json-smart-2.3.jar;D:\Documents\CMPG323_PROJECT\repo\net\minidev\accessors-smart\1.2\accessors-smart-1.2.jar;D:\Documents\CMPG323_PROJECT\repo\org\ow2\asm\asm\5.0.4\asm-5.0.4.jar;D:\Documents\CMPG323_PROJECT\repo\junit\junit\4.12\junit-4.12.jar;D:\Documents\CMPG323_PROJECT\repo\org\assertj\assertj-core\3.11.1\assertj-core-3.11.1.jar;D:\Documents\CMPG323_PROJECT\repo\org\mockito\mockito-core\2.23.4\mockito-core-2.23.4.jar;D:\Documents\CMPG323_PROJECT\repo\net\bytebuddy\byte-buddy-agent\1.9.13\byte-buddy-agent-1.9.13.jar;D:\Documents\CMPG323_PROJECT\repo\org\objenesis\objenesis\2.6\objenesis-2.6.jar;D:\Documents\CMPG323_PROJECT\repo\org\hamcrest\hamcrest-core\1.3\hamcrest-core-1.3.jar;D:\Documents\CMPG323_PROJECT\repo\org\hamcrest\hamcrest-library\1.3\hamcrest-library-1.3.jar;D:\Documents\CMPG323_PROJECT\repo\org\skyscreamer\jsonassert\1.5.0\jsonassert-1.5.0.jar;D:\Documents\CMPG323_PROJECT\repo\com\vaadin\external\google\android-json\0.0.20131108.vaadin1\android-json-0.0.20131108.vaadin1.jar;D:\Documents\CMPG323_PROJECT\repo\org\springframework\spring-test\5.1.8.RELEASE\spring-test-5.1.8.RELEASE.jar;D:\Documents\CMPG323_PROJECT\repo\org\xmlunit\xmlunit-core\2.6.2\xmlunit-core-2.6.2.jar;"/>
    <property name="sun.cpu.endian" value="little"/>
    <property name="user.home" value="C:\Users\qdeet"/>
    <property name="user.language" value="en"/>
    <property name="java.specification.vendor" value="Oracle Corporation"/>
    <property name="java.version.date" value="2021-07-20"/>
    <property name="java.home" value="D:\Programming\Java_JDK_16.0.2"/>
    <property name="file.separator" value="\"/>
    <property name="basedir" value="D:\Documents\CMPG323_PROJECT\AccountSystem\AccountSystemRepository"/>
    <property name="java.vm.compressedOopsMode" value="Zero based"/>
    <property name="line.separator" value="&#10;"/>
    <property name="java.vm.specification.vendor" value="Oracle Corporation"/>
    <property name="java.specification.name" value="Java Platform API Specification"/>
    <property name="surefire.real.class.path" value="C:\Users\qdeet\AppData\Local\Temp\surefire8584818881793278367\surefirebooter7119864334521585984.jar"/>
    <property name="user.script" value=""/>
    <property name="sun.management.compiler" value="HotSpot 64-Bit Tiered Compilers"/>
    <property name="java.runtime.version" value="16.0.2+7-67"/>
    <property name="user.name" value="qdeet"/>
    <property name="path.separator" value=";"/>
    <property name="os.version" value="10.0"/>
    <property name="java.runtime.name" value="Java(TM) SE Runtime Environment"/>
    <property name="file.encoding" value="Cp1252"/>
    <property name="java.vm.name" value="Java HotSpot(TM) 64-Bit Server VM"/>
    <property name="localRepository" value="D:\Documents\CMPG323_PROJECT\repo"/>
    <property name="java.vendor.url.bug" value="https://bugreport.java.com/bugreport/"/>
    <property name="java.io.tmpdir" value="C:\Users\qdeet\AppData\Local\Temp\"/>
    <property name="idea.version" value="2021.2.2"/>
    <property name="java.version" value="16.0.2"/>
    <property name="user.dir" value="D:\Documents\CMPG323_PROJECT\AccountSystem\AccountSystemRepository"/>
    <property name="os.arch" value="amd64"/>
    <property name="java.vm.specification.name" value="Java Virtual Machine Specification"/>
    <property name="sun.os.patch.level" value=""/>
    <property name="java.library.path" value="D:\Programming\Java_JDK_16.0.2\bin;C:\Windows\Sun\Java\bin;C:\Windows\system32;C:\Windows;D:\Programming\Python\Scripts\;D:\Programming\Python\;C:\Program Files\Common Files\Oracle\Java\javapath;D:\Programming\OracleXE\app\oracle\product\11.2.0\server\bin;C:\Program Files (x86)\Common Files\Oracle\Java\javapath;D:\Programming\Java\bin;C:\Windows;C:\Windows\System32\Wbem;C:\Windows\System32\WindowsPowerShell\v1.0\;C:\Windows\System32\OpenSSH\;C:\Program Files\NVIDIA Corporation\NVIDIA NvDLISR;C:\Program Files (x86)\NVIDIA Corporation\PhysX\Common;C:\Program Files (x86)\dotnet\;C:\Program Files\dotnet\;C:\Program Files\Microsoft SQL Server\130\Tools\Binn\;C:\Program Files\Microsoft SQL Server\Client SDK\ODBC\170\Tools\Binn\;D:\Programming\Git\cmd;C:\Program Files\MySQL\MySQL Shell 8.0\bin\;C:\Users\qdeet\AppData\Local\Microsoft\WindowsApps;C:\Program Files\Azure Data Studio\bin;D:\Programming\Java_JDK_16.0.2\bin;D:\Programming\Maven\apache-maven-3.8.1\bin;C:\Users\qdeet\.dotnet\tools;."/>
    <property name="java.vm.info" value="mixed mode, sharing"/>
    <property name="java.vendor" value="Oracle Corporation"/>
    <property name="java.vm.version" value="16.0.2+7-67"/>
    <property name="sun.io.unicode.encoding" value="UnicodeLittle"/>
    <property name="java.class.version" value="60.0"/>
  </properties>
  <testcase name="test" classname="za.ac.nwu.ac.repo.persistence.AccountTypeRepositoryTest" time="0">
    <skipped/>
    <system-out><![CDATA[16:00:27.487 [main] DEBUG org.springframework.test.context.junit4.SpringJUnit4ClassRunner - SpringJUnit4ClassRunner constructor called with [class za.ac.nwu.ac.repo.persistence.AccountTypeRepositoryTest]
16:00:27.491 [main] DEBUG org.springframework.test.context.BootstrapUtils - Instantiating CacheAwareContextLoaderDelegate from class [org.springframework.test.context.cache.DefaultCacheAwareContextLoaderDelegate]
16:00:27.495 [main] DEBUG org.springframework.test.context.BootstrapUtils - Instantiating BootstrapContext using constructor [public org.springframework.test.context.support.DefaultBootstrapContext(java.lang.Class,org.springframework.test.context.CacheAwareContextLoaderDelegate)]
16:00:27.507 [main] DEBUG org.springframework.test.context.BootstrapUtils - Instantiating TestContextBootstrapper for test class [za.ac.nwu.ac.repo.persistence.AccountTypeRepositoryTest] from class [org.springframework.boot.test.autoconfigure.orm.jpa.DataJpaTestContextBootstrapper]
16:00:27.524 [main] DEBUG org.springframework.test.context.support.AbstractContextLoader - Did not detect default resource location for test class [za.ac.nwu.ac.repo.persistence.AccountTypeRepositoryTest]: class path resource [za/ac/nwu/ac/repo/persistence/AccountTypeRepositoryTest-context.xml] does not exist
16:00:27.525 [main] DEBUG org.springframework.test.context.support.AbstractContextLoader - Did not detect default resource location for test class [za.ac.nwu.ac.repo.persistence.AccountTypeRepositoryTest]: class path resource [za/ac/nwu/ac/repo/persistence/AccountTypeRepositoryTestContext.groovy] does not exist
16:00:27.525 [main] INFO org.springframework.test.context.support.AbstractContextLoader - Could not detect default resource locations for test class [za.ac.nwu.ac.repo.persistence.AccountTypeRepositoryTest]: no resource found for suffixes {-context.xml, Context.groovy}.
16:00:27.572 [main] DEBUG org.springframework.test.context.support.ActiveProfilesUtils - Could not find an 'annotation declaring class' for annotation type [org.springframework.test.context.ActiveProfiles] and class [za.ac.nwu.ac.repo.persistence.AccountTypeRepositoryTest]
16:00:27.584 [main] DEBUG org.springframework.boot.test.autoconfigure.orm.jpa.DataJpaTestContextBootstrapper - @TestExecutionListeners is not present for class [za.ac.nwu.ac.repo.persistence.AccountTypeRepositoryTest]: using defaults.
16:00:27.585 [main] INFO org.springframework.boot.test.autoconfigure.orm.jpa.DataJpaTestContextBootstrapper - Loaded default TestExecutionListener class names from location [META-INF/spring.factories]: [org.springframework.boot.test.mock.mockito.MockitoTestExecutionListener, org.springframework.boot.test.mock.mockito.ResetMocksTestExecutionListener, org.springframework.boot.test.autoconfigure.restdocs.RestDocsTestExecutionListener, org.springframework.boot.test.autoconfigure.web.client.MockRestServiceServerResetTestExecutionListener, org.springframework.boot.test.autoconfigure.web.servlet.MockMvcPrintOnlyOnFailureTestExecutionListener, org.springframework.boot.test.autoconfigure.web.servlet.WebDriverTestExecutionListener, org.springframework.test.context.web.ServletTestExecutionListener, org.springframework.test.context.support.DirtiesContextBeforeModesTestExecutionListener, org.springframework.test.context.support.DependencyInjectionTestExecutionListener, org.springframework.test.context.support.DirtiesContextTestExecutionListener, org.springframework.test.context.transaction.TransactionalTestExecutionListener, org.springframework.test.context.jdbc.SqlScriptsTestExecutionListener]
16:00:27.590 [main] DEBUG org.springframework.boot.test.autoconfigure.orm.jpa.DataJpaTestContextBootstrapper - Skipping candidate TestExecutionListener [org.springframework.test.context.web.ServletTestExecutionListener] due to a missing dependency. Specify custom listener classes or make the default listener classes and their required dependencies available. Offending class: [javax/servlet/ServletContext]
16:00:27.594 [main] INFO org.springframework.boot.test.autoconfigure.orm.jpa.DataJpaTestContextBootstrapper - Using TestExecutionListeners: [org.springframework.test.context.support.DirtiesContextBeforeModesTestExecutionListener@40005471, org.springframework.boot.test.mock.mockito.MockitoTestExecutionListener@2cd76f31, org.springframework.boot.test.autoconfigure.SpringBootDependencyInjectionTestExecutionListener@367ffa75, org.springframework.test.context.support.DirtiesContextTestExecutionListener@49438269, org.springframework.test.context.transaction.TransactionalTestExecutionListener@ba2f4ec, org.springframework.test.context.jdbc.SqlScriptsTestExecutionListener@1c1bbc4e, org.springframework.boot.test.mock.mockito.ResetMocksTestExecutionListener@55fe41ea, org.springframework.boot.test.autoconfigure.restdocs.RestDocsTestExecutionListener@fbd1f6, org.springframework.boot.test.autoconfigure.web.client.MockRestServiceServerResetTestExecutionListener@1ce24091, org.springframework.boot.test.autoconfigure.web.servlet.MockMvcPrintOnlyOnFailureTestExecutionListener@5dda768f, org.springframework.boot.test.autoconfigure.web.servlet.WebDriverTestExecutionListener@7a8c8dcf]
16:00:27.595 [main] DEBUG org.springframework.test.annotation.ProfileValueUtils - Retrieved @ProfileValueSourceConfiguration [null] for test class [za.ac.nwu.ac.repo.persistence.AccountTypeRepositoryTest]
16:00:27.595 [main] DEBUG org.springframework.test.annotation.ProfileValueUtils - Retrieved ProfileValueSource type [class org.springframework.test.annotation.SystemProfileValueSource] for class [za.ac.nwu.ac.repo.persistence.AccountTypeRepositoryTest]
16:00:27.596 [main] DEBUG org.springframework.test.annotation.ProfileValueUtils - Retrieved @ProfileValueSourceConfiguration [null] for test class [za.ac.nwu.ac.repo.persistence.AccountTypeRepositoryTest]
16:00:27.596 [main] DEBUG org.springframework.test.annotation.ProfileValueUtils - Retrieved ProfileValueSource type [class org.springframework.test.annotation.SystemProfileValueSource] for class [za.ac.nwu.ac.repo.persistence.AccountTypeRepositoryTest]
16:00:27.596 [main] DEBUG org.springframework.test.annotation.ProfileValueUtils - Retrieved @ProfileValueSourceConfiguration [null] for test class [za.ac.nwu.ac.repo.persistence.AccountTypeRepositoryTest]
16:00:27.596 [main] DEBUG org.springframework.test.annotation.ProfileValueUtils - Retrieved ProfileValueSource type [class org.springframework.test.annotation.SystemProfileValueSource] for class [za.ac.nwu.ac.repo.persistence.AccountTypeRepositoryTest]
]]></system-out>
  </testcase>
</testsuite>