<?xml version="1.0" encoding="UTF-8"?>
<testsuite xmlns:xsi="http://www.w3.org/2001/XMLSchema-instance" xsi:noNamespaceSchemaLocation="https://maven.apache.org/surefire/maven-surefire-plugin/xsd/surefire-test-report.xsd" name="za.ac.nwu.ac.web.sb.controller.AccountTypeControllerTest" time="1.43" tests="6" errors="0" skipped="0" failures="0">
  <properties>
    <property name="java.specification.version" value="16"/>
    <property name="sun.cpu.isalist" value="amd64"/>
    <property name="sun.jnu.encoding" value="Cp1252"/>
    <property name="java.class.path" value="D:\Documents\CMPG323_PROJECT\AccountSystem\AccountSystemWebSpringBoot\target\test-classes;D:\Documents\CMPG323_PROJECT\AccountSystem\AccountSystemWebSpringBoot\target\classes;D:\Documents\CMPG323_PROJECT\AccountSystem\AccountSystemDomain\target\AccountSystemDomain-1.0-SNAPSHOT.jar;D:\Documents\CMPG323_PROJECT\repo\com\fasterxml\jackson\core\jackson-annotations\2.9.0\jackson-annotations-2.9.0.jar;D:\Documents\CMPG323_PROJECT\repo\org\jetbrains\annotations\22.0.0\annotations-22.0.0.jar;D:\Documents\CMPG323_PROJECT\AccountSystem\AccountSystemLogic\target\AccountSystemLogic-1.0-SNAPSHOT.jar;D:\Documents\CMPG323_PROJECT\AccountSystem\AccountSystemTranslator\target\AccountSystemTranslator-1.0-SNAPSHOT.jar;D:\Documents\CMPG323_PROJECT\AccountSystem\AccountSystemRepository\target\AccountSystemRepository-1.0-SNAPSHOT.jar;D:\Documents\CMPG323_PROJECT\repo\org\springframework\boot\spring-boot-starter-data-jpa\2.1.6.RELEASE\spring-boot-starter-data-jpa-2.1.6.RELEASE.jar;D:\Documents\CMPG323_PROJECT\repo\org\springframework\boot\spring-boot-starter-aop\2.1.6.RELEASE\spring-boot-starter-aop-2.1.6.RELEASE.jar;D:\Documents\CMPG323_PROJECT\repo\org\aspectj\aspectjweaver\1.9.4\aspectjweaver-1.9.4.jar;D:\Documents\CMPG323_PROJECT\repo\org\springframework\boot\spring-boot-starter-jdbc\2.1.6.RELEASE\spring-boot-starter-jdbc-2.1.6.RELEASE.jar;D:\Documents\CMPG323_PROJECT\repo\com\zaxxer\HikariCP\3.2.0\HikariCP-3.2.0.jar;D:\Documents\CMPG323_PROJECT\repo\org\springframework\spring-jdbc\5.1.8.RELEASE\spring-jdbc-5.1.8.RELEASE.jar;D:\Documents\CMPG323_PROJECT\repo\org\hibernate\hibernate-core\5.3.10.Final\hibernate-core-5.3.10.Final.jar;D:\Documents\CMPG323_PROJECT\repo\javax\persistence\javax.persistence-api\2.2\javax.persistence-api-2.2.jar;D:\Documents\CMPG323_PROJECT\repo\org\javassist\javassist\3.23.2-GA\javassist-3.23.2-GA.jar;D:\Documents\CMPG323_PROJECT\repo\antlr\antlr\2.7.7\antlr-2.7.7.jar;D:\Documents\CMPG323_PROJECT\repo\org\jboss\jandex\2.0.5.Final\jandex-2.0.5.Final.jar;D:\Documents\CMPG323_PROJECT\repo\org\dom4j\dom4j\2.1.1\dom4j-2.1.1.jar;D:\Documents\CMPG323_PROJECT\repo\org\hibernate\common\hibernate-commons-annotations\5.0.4.Final\hibernate-commons-annotations-5.0.4.Final.jar;D:\Documents\CMPG323_PROJECT\repo\org\springframework\data\spring-data-jpa\2.1.9.RELEASE\spring-data-jpa-2.1.9.RELEASE.jar;D:\Documents\CMPG323_PROJECT\repo\org\springframework\data\spring-data-commons\2.1.9.RELEASE\spring-data-commons-2.1.9.RELEASE.jar;D:\Documents\CMPG323_PROJECT\repo\org\springframework\spring-orm\5.1.8.RELEASE\spring-orm-5.1.8.RELEASE.jar;D:\Documents\CMPG323_PROJECT\repo\org\springframework\spring-tx\5.1.8.RELEASE\spring-tx-5.1.8.RELEASE.jar;D:\Documents\CMPG323_PROJECT\repo\org\springframework\spring-aspects\5.1.8.RELEASE\spring-aspects-5.1.8.RELEASE.jar;D:\Documents\CMPG323_PROJECT\repo\mysql\mysql-connector-java\8.0.16\mysql-connector-java-8.0.16.jar;D:\Documents\CMPG323_PROJECT\repo\javax\transaction\javax.transaction-api\1.3\javax.transaction-api-1.3.jar;D:\Documents\CMPG323_PROJECT\repo\org\springframework\spring-context\5.1.8.RELEASE\spring-context-5.1.8.RELEASE.jar;D:\Documents\CMPG323_PROJECT\repo\org\springframework\spring-aop\5.1.8.RELEASE\spring-aop-5.1.8.RELEASE.jar;D:\Documents\CMPG323_PROJECT\repo\org\springframework\spring-beans\5.1.8.RELEASE\spring-beans-5.1.8.RELEASE.jar;D:\Documents\CMPG323_PROJECT\repo\org\springframework\spring-expression\5.1.8.RELEASE\spring-expression-5.1.8.RELEASE.jar;D:\Documents\CMPG323_PROJECT\repo\org\springframework\boot\spring-boot-starter-web\2.1.6.RELEASE\spring-boot-starter-web-2.1.6.RELEASE.jar;D:\Documents\CMPG323_PROJECT\repo\org\springframework\boot\spring-boot-starter\2.1.6.RELEASE\spring-boot-starter-2.1.6.RELEASE.jar;D:\Documents\CMPG323_PROJECT\repo\org\springframework\boot\spring-boot\2.1.6.RELEASE\spring-boot-2.1.6.RELEASE.jar;D:\Documents\CMPG323_PROJECT\repo\org\springframework\boot\spring-boot-autoconfigure\2.1.6.RELEASE\spring-boot-autoconfigure-2.1.6.RELEASE.jar;D:\Documents\CMPG323_PROJECT\repo\org\springframework\boot\spring-boot-starter-logging\2.1.6.RELEASE\spring-boot-starter-logging-2.1.6.RELEASE.jar;D:\Documents\CMPG323_PROJECT\repo\ch\qos\logback\logback-classic\1.2.3\logback-classic-1.2.3.jar;D:\Documents\CMPG323_PROJECT\repo\ch\qos\logback\logback-core\1.2.3\logback-core-1.2.3.jar;D:\Documents\CMPG323_PROJECT\repo\org\apache\logging\log4j\log4j-to-slf4j\2.11.2\log4j-to-slf4j-2.11.2.jar;D:\Documents\CMPG323_PROJECT\repo\org\apache\logging\log4j\log4j-api\2.11.2\log4j-api-2.11.2.jar;D:\Documents\CMPG323_PROJECT\repo\org\slf4j\jul-to-slf4j\1.7.26\jul-to-slf4j-1.7.26.jar;D:\Documents\CMPG323_PROJECT\repo\javax\annotation\javax.annotation-api\1.3.2\javax.annotation-api-1.3.2.jar;D:\Documents\CMPG323_PROJECT\repo\org\yaml\snakeyaml\1.23\snakeyaml-1.23.jar;D:\Documents\CMPG323_PROJECT\repo\org\springframework\boot\spring-boot-starter-json\2.1.6.RELEASE\spring-boot-starter-json-2.1.6.RELEASE.jar;D:\Documents\CMPG323_PROJECT\repo\com\fasterxml\jackson\core\jackson-databind\2.9.9\jackson-databind-2.9.9.jar;D:\Documents\CMPG323_PROJECT\repo\com\fasterxml\jackson\core\jackson-core\2.9.9\jackson-core-2.9.9.jar;D:\Documents\CMPG323_PROJECT\repo\com\fasterxml\jackson\datatype\jackson-datatype-jdk8\2.9.9\jackson-datatype-jdk8-2.9.9.jar;D:\Documents\CMPG323_PROJECT\repo\com\fasterxml\jackson\datatype\jackson-datatype-jsr310\2.9.9\jackson-datatype-jsr310-2.9.9.jar;D:\Documents\CMPG323_PROJECT\repo\com\fasterxml\jackson\module\jackson-module-parameter-names\2.9.9\jackson-module-parameter-names-2.9.9.jar;D:\Documents\CMPG323_PROJECT\repo\org\springframework\boot\spring-boot-starter-tomcat\2.1.6.RELEASE\spring-boot-starter-tomcat-2.1.6.RELEASE.jar;D:\Documents\CMPG323_PROJECT\repo\org\apache\tomcat\embed\tomcat-embed-core\9.0.21\tomcat-embed-core-9.0.21.jar;D:\Documents\CMPG323_PROJECT\repo\org\apache\tomcat\embed\tomcat-embed-el\9.0.21\tomcat-embed-el-9.0.21.jar;D:\Documents\CMPG323_PROJECT\repo\org\apache\tomcat\embed\tomcat-embed-websocket\9.0.21\tomcat-embed-websocket-9.0.21.jar;D:\Documents\CMPG323_PROJECT\repo\org\hibernate\validator\hibernate-validator\6.0.17.Final\hibernate-validator-6.0.17.Final.jar;D:\Documents\CMPG323_PROJECT\repo\javax\validation\validation-api\2.0.1.Final\validation-api-2.0.1.Final.jar;D:\Documents\CMPG323_PROJECT\repo\org\jboss\logging\jboss-logging\3.3.2.Final\jboss-logging-3.3.2.Final.jar;D:\Documents\CMPG323_PROJECT\repo\org\springframework\spring-web\5.1.8.RELEASE\spring-web-5.1.8.RELEASE.jar;D:\Documents\CMPG323_PROJECT\repo\org\springframework\spring-webmvc\5.1.8.RELEASE\spring-webmvc-5.1.8.RELEASE.jar;D:\Documents\CMPG323_PROJECT\repo\io\springfox\springfox-swagger2\2.9.2\springfox-swagger2-2.9.2.jar;D:\Documents\CMPG323_PROJECT\repo\io\swagger\swagger-models\1.5.20\swagger-models-1.5.20.jar;D:\Documents\CMPG323_PROJECT\repo\io\springfox\springfox-spi\2.9.2\springfox-spi-2.9.2.jar;D:\Documents\CMPG323_PROJECT\repo\io\springfox\springfox-core\2.9.2\springfox-core-2.9.2.jar;D:\Documents\CMPG323_PROJECT\repo\io\springfox\springfox-schema\2.9.2\springfox-schema-2.9.2.jar;D:\Documents\CMPG323_PROJECT\repo\io\springfox\springfox-swagger-common\2.9.2\springfox-swagger-common-2.9.2.jar;D:\Documents\CMPG323_PROJECT\repo\io\springfox\springfox-spring-web\2.9.2\springfox-spring-web-2.9.2.jar;D:\Documents\CMPG323_PROJECT\repo\com\google\guava\guava\20.0\guava-20.0.jar;D:\Documents\CMPG323_PROJECT\repo\com\fasterxml\classmate\1.4.0\classmate-1.4.0.jar;D:\Documents\CMPG323_PROJECT\repo\org\springframework\plugin\spring-plugin-core\1.2.0.RELEASE\spring-plugin-core-1.2.0.RELEASE.jar;D:\Documents\CMPG323_PROJECT\repo\org\springframework\plugin\spring-plugin-metadata\1.2.0.RELEASE\spring-plugin-metadata-1.2.0.RELEASE.jar;D:\Documents\CMPG323_PROJECT\repo\org\mapstruct\mapstruct\1.2.0.Final\mapstruct-1.2.0.Final.jar;D:\Documents\CMPG323_PROJECT\repo\io\swagger\swagger-annotations\1.5.20\swagger-annotations-1.5.20.jar;D:\Documents\CMPG323_PROJECT\repo\io\springfox\springfox-swagger-ui\2.9.2\springfox-swagger-ui-2.9.2.jar;D:\Documents\CMPG323_PROJECT\repo\io\springfox\springfox-bean-validators\2.9.2\springfox-bean-validators-2.9.2.jar;D:\Documents\CMPG323_PROJECT\repo\org\springframework\boot\spring-boot-starter-test\2.1.6.RELEASE\spring-boot-starter-test-2.1.6.RELEASE.jar;D:\Documents\CMPG323_PROJECT\repo\org\springframework\boot\spring-boot-test\2.1.6.RELEASE\spring-boot-test-2.1.6.RELEASE.jar;D:\Documents\CMPG323_PROJECT\repo\org\springframework\boot\spring-boot-test-autoconfigure\2.1.6.RELEASE\spring-boot-test-autoconfigure-2.1.6.RELEASE.jar;D:\Documents\CMPG323_PROJECT\repo\com\jayway\jsonpath\json-path\2.4.0\json-path-2.4.0.jar;D:\Documents\CMPG323_PROJECT\repo\net\minidev\json-smart\2.3\json-smart-2.3.jar;D:\Documents\CMPG323_PROJECT\repo\net\minidev\accessors-smart\1.2\accessors-smart-1.2.jar;D:\Documents\CMPG323_PROJECT\repo\org\ow2\asm\asm\5.0.4\asm-5.0.4.jar;D:\Documents\CMPG323_PROJECT\repo\org\slf4j\slf4j-api\1.7.26\slf4j-api-1.7.26.jar;D:\Documents\CMPG323_PROJECT\repo\junit\junit\4.12\junit-4.12.jar;D:\Documents\CMPG323_PROJECT\repo\org\assertj\assertj-core\3.11.1\assertj-core-3.11.1.jar;D:\Documents\CMPG323_PROJECT\repo\org\mockito\mockito-core\2.23.4\mockito-core-2.23.4.jar;D:\Documents\CMPG323_PROJECT\repo\net\bytebuddy\byte-buddy\1.9.13\byte-buddy-1.9.13.jar;D:\Documents\CMPG323_PROJECT\repo\net\bytebuddy\byte-buddy-agent\1.9.13\byte-buddy-agent-1.9.13.jar;D:\Documents\CMPG323_PROJECT\repo\org\objenesis\objenesis\2.6\objenesis-2.6.jar;D:\Documents\CMPG323_PROJECT\repo\org\hamcrest\hamcrest-core\1.3\hamcrest-core-1.3.jar;D:\Documents\CMPG323_PROJECT\repo\org\hamcrest\hamcrest-library\1.3\hamcrest-library-1.3.jar;D:\Documents\CMPG323_PROJECT\repo\org\skyscreamer\jsonassert\1.5.0\jsonassert-1.5.0.jar;D:\Documents\CMPG323_PROJECT\repo\com\vaadin\external\google\android-json\0.0.20131108.vaadin1\android-json-0.0.20131108.vaadin1.jar;D:\Documents\CMPG323_PROJECT\repo\org\springframework\spring-core\5.1.8.RELEASE\spring-core-5.1.8.RELEASE.jar;D:\Documents\CMPG323_PROJECT\repo\org\springframework\spring-jcl\5.1.8.RELEASE\spring-jcl-5.1.8.RELEASE.jar;D:\Documents\CMPG323_PROJECT\repo\org\springframework\spring-test\5.1.8.RELEASE\spring-test-5.1.8.RELEASE.jar;D:\Documents\CMPG323_PROJECT\repo\org\xmlunit\xmlunit-core\2.6.2\xmlunit-core-2.6.2.jar;D:\Documents\CMPG323_PROJECT\repo\javax\xml\bind\jaxb-api\2.3.1\jaxb-api-2.3.1.jar;D:\Documents\CMPG323_PROJECT\repo\javax\activation\javax.activation-api\1.2.0\javax.activation-api-1.2.0.jar;"/>
    <property name="java.vm.vendor" value="Oracle Corporation"/>
    <property name="sun.arch.data.model" value="64"/>
    <property name="user.variant" value=""/>
    <property name="java.vendor.url" value="https://java.oracle.com/"/>
    <property name="user.timezone" value="Africa/Johannesburg"/>
    <property name="os.name" value="Windows 10"/>
    <property name="java.vm.specification.version" value="16"/>
    <property name="sun.java.launcher" value="SUN_STANDARD"/>
    <property name="user.country" value="US"/>
    <property name="sun.boot.library.path" value="D:\Programming\Java_JDK_16.0.2\bin"/>
    <property name="sun.java.command" value="C:\Users\qdeet\AppData\Local\Temp\surefire6695590236287138180\surefirebooter13441010097854395706.jar C:\Users\qdeet\AppData\Local\Temp\surefire6695590236287138180 2021-09-30T17-11-04_865-jvmRun1 surefire8989744799079611405tmp surefire_28261057733126372245tmp"/>
    <property name="jdk.debug" value="release"/>
    <property name="surefire.test.class.path" value="D:\Documents\CMPG323_PROJECT\AccountSystem\AccountSystemWebSpringBoot\target\test-classes;D:\Documents\CMPG323_PROJECT\AccountSystem\AccountSystemWebSpringBoot\target\classes;D:\Documents\CMPG323_PROJECT\AccountSystem\AccountSystemDomain\target\AccountSystemDomain-1.0-SNAPSHOT.jar;D:\Documents\CMPG323_PROJECT\repo\com\fasterxml\jackson\core\jackson-annotations\2.9.0\jackson-annotations-2.9.0.jar;D:\Documents\CMPG323_PROJECT\repo\org\jetbrains\annotations\22.0.0\annotations-22.0.0.jar;D:\Documents\CMPG323_PROJECT\AccountSystem\AccountSystemLogic\target\AccountSystemLogic-1.0-SNAPSHOT.jar;D:\Documents\CMPG323_PROJECT\AccountSystem\AccountSystemTranslator\target\AccountSystemTranslator-1.0-SNAPSHOT.jar;D:\Documents\CMPG323_PROJECT\AccountSystem\AccountSystemRepository\target\AccountSystemRepository-1.0-SNAPSHOT.jar;D:\Documents\CMPG323_PROJECT\repo\org\springframework\boot\spring-boot-starter-data-jpa\2.1.6.RELEASE\spring-boot-starter-data-jpa-2.1.6.RELEASE.jar;D:\Documents\CMPG323_PROJECT\repo\org\springframework\boot\spring-boot-starter-aop\2.1.6.RELEASE\spring-boot-starter-aop-2.1.6.RELEASE.jar;D:\Documents\CMPG323_PROJECT\repo\org\aspectj\aspectjweaver\1.9.4\aspectjweaver-1.9.4.jar;D:\Documents\CMPG323_PROJECT\repo\org\springframework\boot\spring-boot-starter-jdbc\2.1.6.RELEASE\spring-boot-starter-jdbc-2.1.6.RELEASE.jar;D:\Documents\CMPG323_PROJECT\repo\com\zaxxer\HikariCP\3.2.0\HikariCP-3.2.0.jar;D:\Documents\CMPG323_PROJECT\repo\org\springframework\spring-jdbc\5.1.8.RELEASE\spring-jdbc-5.1.8.RELEASE.jar;D:\Documents\CMPG323_PROJECT\repo\org\hibernate\hibernate-core\5.3.10.Final\hibernate-core-5.3.10.Final.jar;D:\Documents\CMPG323_PROJECT\repo\javax\persistence\javax.persistence-api\2.2\javax.persistence-api-2.2.jar;D:\Documents\CMPG323_PROJECT\repo\org\javassist\javassist\3.23.2-GA\javassist-3.23.2-GA.jar;D:\Documents\CMPG323_PROJECT\repo\antlr\antlr\2.7.7\antlr-2.7.7.jar;D:\Documents\CMPG323_PROJECT\repo\org\jboss\jandex\2.0.5.Final\jandex-2.0.5.Final.jar;D:\Documents\CMPG323_PROJECT\repo\org\dom4j\dom4j\2.1.1\dom4j-2.1.1.jar;D:\Documents\CMPG323_PROJECT\repo\org\hibernate\common\hibernate-commons-annotations\5.0.4.Final\hibernate-commons-annotations-5.0.4.Final.jar;D:\Documents\CMPG323_PROJECT\repo\org\springframework\data\spring-data-jpa\2.1.9.RELEASE\spring-data-jpa-2.1.9.RELEASE.jar;D:\Documents\CMPG323_PROJECT\repo\org\springframework\data\spring-data-commons\2.1.9.RELEASE\spring-data-commons-2.1.9.RELEASE.jar;D:\Documents\CMPG323_PROJECT\repo\org\springframework\spring-orm\5.1.8.RELEASE\spring-orm-5.1.8.RELEASE.jar;D:\Documents\CMPG323_PROJECT\repo\org\springframework\spring-tx\5.1.8.RELEASE\spring-tx-5.1.8.RELEASE.jar;D:\Documents\CMPG323_PROJECT\repo\org\springframework\spring-aspects\5.1.8.RELEASE\spring-aspects-5.1.8.RELEASE.jar;D:\Documents\CMPG323_PROJECT\repo\mysql\mysql-connector-java\8.0.16\mysql-connector-java-8.0.16.jar;D:\Documents\CMPG323_PROJECT\repo\javax\transaction\javax.transaction-api\1.3\javax.transaction-api-1.3.jar;D:\Documents\CMPG323_PROJECT\repo\org\springframework\spring-context\5.1.8.RELEASE\spring-context-5.1.8.RELEASE.jar;D:\Documents\CMPG323_PROJECT\repo\org\springframework\spring-aop\5.1.8.RELEASE\spring-aop-5.1.8.RELEASE.jar;D:\Documents\CMPG323_PROJECT\repo\org\springframework\spring-beans\5.1.8.RELEASE\spring-beans-5.1.8.RELEASE.jar;D:\Documents\CMPG323_PROJECT\repo\org\springframework\spring-expression\5.1.8.RELEASE\spring-expression-5.1.8.RELEASE.jar;D:\Documents\CMPG323_PROJECT\repo\org\springframework\boot\spring-boot-starter-web\2.1.6.RELEASE\spring-boot-starter-web-2.1.6.RELEASE.jar;D:\Documents\CMPG323_PROJECT\repo\org\springframework\boot\spring-boot-starter\2.1.6.RELEASE\spring-boot-starter-2.1.6.RELEASE.jar;D:\Documents\CMPG323_PROJECT\repo\org\springframework\boot\spring-boot\2.1.6.RELEASE\spring-boot-2.1.6.RELEASE.jar;D:\Documents\CMPG323_PROJECT\repo\org\springframework\boot\spring-boot-autoconfigure\2.1.6.RELEASE\spring-boot-autoconfigure-2.1.6.RELEASE.jar;D:\Documents\CMPG323_PROJECT\repo\org\springframework\boot\spring-boot-starter-logging\2.1.6.RELEASE\spring-boot-starter-logging-2.1.6.RELEASE.jar;D:\Documents\CMPG323_PROJECT\repo\ch\qos\logback\logback-classic\1.2.3\logback-classic-1.2.3.jar;D:\Documents\CMPG323_PROJECT\repo\ch\qos\logback\logback-core\1.2.3\logback-core-1.2.3.jar;D:\Documents\CMPG323_PROJECT\repo\org\apache\logging\log4j\log4j-to-slf4j\2.11.2\log4j-to-slf4j-2.11.2.jar;D:\Documents\CMPG323_PROJECT\repo\org\apache\logging\log4j\log4j-api\2.11.2\log4j-api-2.11.2.jar;D:\Documents\CMPG323_PROJECT\repo\org\slf4j\jul-to-slf4j\1.7.26\jul-to-slf4j-1.7.26.jar;D:\Documents\CMPG323_PROJECT\repo\javax\annotation\javax.annotation-api\1.3.2\javax.annotation-api-1.3.2.jar;D:\Documents\CMPG323_PROJECT\repo\org\yaml\snakeyaml\1.23\snakeyaml-1.23.jar;D:\Documents\CMPG323_PROJECT\repo\org\springframework\boot\spring-boot-starter-json\2.1.6.RELEASE\spring-boot-starter-json-2.1.6.RELEASE.jar;D:\Documents\CMPG323_PROJECT\repo\com\fasterxml\jackson\core\jackson-databind\2.9.9\jackson-databind-2.9.9.jar;D:\Documents\CMPG323_PROJECT\repo\com\fasterxml\jackson\core\jackson-core\2.9.9\jackson-core-2.9.9.jar;D:\Documents\CMPG323_PROJECT\repo\com\fasterxml\jackson\datatype\jackson-datatype-jdk8\2.9.9\jackson-datatype-jdk8-2.9.9.jar;D:\Documents\CMPG323_PROJECT\repo\com\fasterxml\jackson\datatype\jackson-datatype-jsr310\2.9.9\jackson-datatype-jsr310-2.9.9.jar;D:\Documents\CMPG323_PROJECT\repo\com\fasterxml\jackson\module\jackson-module-parameter-names\2.9.9\jackson-module-parameter-names-2.9.9.jar;D:\Documents\CMPG323_PROJECT\repo\org\springframework\boot\spring-boot-starter-tomcat\2.1.6.RELEASE\spring-boot-starter-tomcat-2.1.6.RELEASE.jar;D:\Documents\CMPG323_PROJECT\repo\org\apache\tomcat\embed\tomcat-embed-core\9.0.21\tomcat-embed-core-9.0.21.jar;D:\Documents\CMPG323_PROJECT\repo\org\apache\tomcat\embed\tomcat-embed-el\9.0.21\tomcat-embed-el-9.0.21.jar;D:\Documents\CMPG323_PROJECT\repo\org\apache\tomcat\embed\tomcat-embed-websocket\9.0.21\tomcat-embed-websocket-9.0.21.jar;D:\Documents\CMPG323_PROJECT\repo\org\hibernate\validator\hibernate-validator\6.0.17.Final\hibernate-validator-6.0.17.Final.jar;D:\Documents\CMPG323_PROJECT\repo\javax\validation\validation-api\2.0.1.Final\validation-api-2.0.1.Final.jar;D:\Documents\CMPG323_PROJECT\repo\org\jboss\logging\jboss-logging\3.3.2.Final\jboss-logging-3.3.2.Final.jar;D:\Documents\CMPG323_PROJECT\repo\org\springframework\spring-web\5.1.8.RELEASE\spring-web-5.1.8.RELEASE.jar;D:\Documents\CMPG323_PROJECT\repo\org\springframework\spring-webmvc\5.1.8.RELEASE\spring-webmvc-5.1.8.RELEASE.jar;D:\Documents\CMPG323_PROJECT\repo\io\springfox\springfox-swagger2\2.9.2\springfox-swagger2-2.9.2.jar;D:\Documents\CMPG323_PROJECT\repo\io\swagger\swagger-models\1.5.20\swagger-models-1.5.20.jar;D:\Documents\CMPG323_PROJECT\repo\io\springfox\springfox-spi\2.9.2\springfox-spi-2.9.2.jar;D:\Documents\CMPG323_PROJECT\repo\io\springfox\springfox-core\2.9.2\springfox-core-2.9.2.jar;D:\Documents\CMPG323_PROJECT\repo\io\springfox\springfox-schema\2.9.2\springfox-schema-2.9.2.jar;D:\Documents\CMPG323_PROJECT\repo\io\springfox\springfox-swagger-common\2.9.2\springfox-swagger-common-2.9.2.jar;D:\Documents\CMPG323_PROJECT\repo\io\springfox\springfox-spring-web\2.9.2\springfox-spring-web-2.9.2.jar;D:\Documents\CMPG323_PROJECT\repo\com\google\guava\guava\20.0\guava-20.0.jar;D:\Documents\CMPG323_PROJECT\repo\com\fasterxml\classmate\1.4.0\classmate-1.4.0.jar;D:\Documents\CMPG323_PROJECT\repo\org\springframework\plugin\spring-plugin-core\1.2.0.RELEASE\spring-plugin-core-1.2.0.RELEASE.jar;D:\Documents\CMPG323_PROJECT\repo\org\springframework\plugin\spring-plugin-metadata\1.2.0.RELEASE\spring-plugin-metadata-1.2.0.RELEASE.jar;D:\Documents\CMPG323_PROJECT\repo\org\mapstruct\mapstruct\1.2.0.Final\mapstruct-1.2.0.Final.jar;D:\Documents\CMPG323_PROJECT\repo\io\swagger\swagger-annotations\1.5.20\swagger-annotations-1.5.20.jar;D:\Documents\CMPG323_PROJECT\repo\io\springfox\springfox-swagger-ui\2.9.2\springfox-swagger-ui-2.9.2.jar;D:\Documents\CMPG323_PROJECT\repo\io\springfox\springfox-bean-validators\2.9.2\springfox-bean-validators-2.9.2.jar;D:\Documents\CMPG323_PROJECT\repo\org\springframework\boot\spring-boot-starter-test\2.1.6.RELEASE\spring-boot-starter-test-2.1.6.RELEASE.jar;D:\Documents\CMPG323_PROJECT\repo\org\springframework\boot\spring-boot-test\2.1.6.RELEASE\spring-boot-test-2.1.6.RELEASE.jar;D:\Documents\CMPG323_PROJECT\repo\org\springframework\boot\spring-boot-test-autoconfigure\2.1.6.RELEASE\spring-boot-test-autoconfigure-2.1.6.RELEASE.jar;D:\Documents\CMPG323_PROJECT\repo\com\jayway\jsonpath\json-path\2.4.0\json-path-2.4.0.jar;D:\Documents\CMPG323_PROJECT\repo\net\minidev\json-smart\2.3\json-smart-2.3.jar;D:\Documents\CMPG323_PROJECT\repo\net\minidev\accessors-smart\1.2\accessors-smart-1.2.jar;D:\Documents\CMPG323_PROJECT\repo\org\ow2\asm\asm\5.0.4\asm-5.0.4.jar;D:\Documents\CMPG323_PROJECT\repo\org\slf4j\slf4j-api\1.7.26\slf4j-api-1.7.26.jar;D:\Documents\CMPG323_PROJECT\repo\junit\junit\4.12\junit-4.12.jar;D:\Documents\CMPG323_PROJECT\repo\org\assertj\assertj-core\3.11.1\assertj-core-3.11.1.jar;D:\Documents\CMPG323_PROJECT\repo\org\mockito\mockito-core\2.23.4\mockito-core-2.23.4.jar;D:\Documents\CMPG323_PROJECT\repo\net\bytebuddy\byte-buddy\1.9.13\byte-buddy-1.9.13.jar;D:\Documents\CMPG323_PROJECT\repo\net\bytebuddy\byte-buddy-agent\1.9.13\byte-buddy-agent-1.9.13.jar;D:\Documents\CMPG323_PROJECT\repo\org\objenesis\objenesis\2.6\objenesis-2.6.jar;D:\Documents\CMPG323_PROJECT\repo\org\hamcrest\hamcrest-core\1.3\hamcrest-core-1.3.jar;D:\Documents\CMPG323_PROJECT\repo\org\hamcrest\hamcrest-library\1.3\hamcrest-library-1.3.jar;D:\Documents\CMPG323_PROJECT\repo\org\skyscreamer\jsonassert\1.5.0\jsonassert-1.5.0.jar;D:\Documents\CMPG323_PROJECT\repo\com\vaadin\external\google\android-json\0.0.20131108.vaadin1\android-json-0.0.20131108.vaadin1.jar;D:\Documents\CMPG323_PROJECT\repo\org\springframework\spring-core\5.1.8.RELEASE\spring-core-5.1.8.RELEASE.jar;D:\Documents\CMPG323_PROJECT\repo\org\springframework\spring-jcl\5.1.8.RELEASE\spring-jcl-5.1.8.RELEASE.jar;D:\Documents\CMPG323_PROJECT\repo\org\springframework\spring-test\5.1.8.RELEASE\spring-test-5.1.8.RELEASE.jar;D:\Documents\CMPG323_PROJECT\repo\org\xmlunit\xmlunit-core\2.6.2\xmlunit-core-2.6.2.jar;D:\Documents\CMPG323_PROJECT\repo\javax\xml\bind\jaxb-api\2.3.1\jaxb-api-2.3.1.jar;D:\Documents\CMPG323_PROJECT\repo\javax\activation\javax.activation-api\1.2.0\javax.activation-api-1.2.0.jar;"/>
    <property name="sun.cpu.endian" value="little"/>
    <property name="user.home" value="C:\Users\qdeet"/>
    <property name="user.language" value="en"/>
    <property name="java.specification.vendor" value="Oracle Corporation"/>
    <property name="java.version.date" value="2021-07-20"/>
    <property name="java.home" value="D:\Programming\Java_JDK_16.0.2"/>
    <property name="file.separator" value="\"/>
    <property name="basedir" value="D:\Documents\CMPG323_PROJECT\AccountSystem\AccountSystemWebSpringBoot"/>
    <property name="java.vm.compressedOopsMode" value="Zero based"/>
    <property name="line.separator" value="&#10;"/>
    <property name="java.vm.specification.vendor" value="Oracle Corporation"/>
    <property name="java.specification.name" value="Java Platform API Specification"/>
    <property name="surefire.real.class.path" value="C:\Users\qdeet\AppData\Local\Temp\surefire6695590236287138180\surefirebooter13441010097854395706.jar"/>
    <property name="user.script" value=""/>
    <property name="sun.management.compiler" value="HotSpot 64-Bit Tiered Compilers"/>
    <property name="java.runtime.version" value="16.0.2+7-67"/>
    <property name="user.name" value="qdeet"/>
    <property name="haltOnFailure" value="false"/>
    <property name="path.separator" value=";"/>
    <property name="os.version" value="10.0"/>
    <property name="java.runtime.name" value="Java(TM) SE Runtime Environment"/>
    <property name="file.encoding" value="Cp1252"/>
    <property name="java.vm.name" value="Java HotSpot(TM) 64-Bit Server VM"/>
    <property name="localRepository" value="D:\Documents\CMPG323_PROJECT\repo"/>
    <property name="java.vendor.url.bug" value="https://bugreport.java.com/bugreport/"/>
    <property name="java.io.tmpdir" value="C:\Users\qdeet\AppData\Local\Temp\"/>
    <property name="java.version" value="16.0.2"/>
    <property name="user.dir" value="D:\Documents\CMPG323_PROJECT\AccountSystem\AccountSystemWebSpringBoot"/>
    <property name="os.arch" value="amd64"/>
    <property name="java.vm.specification.name" value="Java Virtual Machine Specification"/>
    <property name="sun.os.patch.level" value=""/>
    <property name="java.library.path" value="D:\Programming\Java_JDK_16.0.2\bin;C:\Windows\Sun\Java\bin;C:\Windows\system32;C:\Windows;D:\Programming\Python\Scripts\;D:\Programming\Python\;C:\Program Files\Common Files\Oracle\Java\javapath;D:\Programming\OracleXE\app\oracle\product\11.2.0\server\bin;C:\Program Files (x86)\Common Files\Oracle\Java\javapath;D:\Programming\Java\bin;C:\Windows;C:\Windows\System32\Wbem;C:\Windows\System32\WindowsPowerShell\v1.0\;C:\Windows\System32\OpenSSH\;C:\Program Files\NVIDIA Corporation\NVIDIA NvDLISR;C:\Program Files (x86)\NVIDIA Corporation\PhysX\Common;C:\Program Files (x86)\dotnet\;C:\Program Files\dotnet\;C:\Program Files\Microsoft SQL Server\130\Tools\Binn\;C:\Program Files\Microsoft SQL Server\Client SDK\ODBC\170\Tools\Binn\;D:\Programming\Git\cmd;C:\Program Files\MySQL\MySQL Shell 8.0\bin\;C:\Users\qdeet\AppData\Local\Microsoft\WindowsApps;C:\Program Files\Azure Data Studio\bin;D:\Programming\Java_JDK_16.0.2\bin;D:\Programming\Maven\apache-maven-3.8.1\bin;C:\Users\qdeet\.dotnet\tools;."/>
    <property name="java.vm.info" value="mixed mode, sharing"/>
    <property name="java.vendor" value="Oracle Corporation"/>
    <property name="java.vm.version" value="16.0.2+7-67"/>
    <property name="sun.io.unicode.encoding" value="UnicodeLittle"/>
    <property name="java.class.version" value="60.0"/>
  </properties>
  <testcase name="create" classname="za.ac.nwu.ac.web.sb.controller.AccountTypeControllerTest" time="0.589"/>
  <testcase name="getAll" classname="za.ac.nwu.ac.web.sb.controller.AccountTypeControllerTest" time="0.127"/>
  <testcase name="updateAccountTypeObitMandatory" classname="za.ac.nwu.ac.web.sb.controller.AccountTypeControllerTest" time="0.109"/>
  <testcase name="updateAccountType" classname="za.ac.nwu.ac.web.sb.controller.AccountTypeControllerTest" time="0.086"/>
  <testcase name="updateAccountTypeWithNoOptionalDate" classname="za.ac.nwu.ac.web.sb.controller.AccountTypeControllerTest" time="0.078"/>
  <testcase name="deleteAccountType" classname="za.ac.nwu.ac.web.sb.controller.AccountTypeControllerTest" time="0.079"/>
</testsuite>