<?xml version="1.0" encoding="UTF-8"?>
<testsuite xmlns:xsi="http://www.w3.org/2001/XMLSchema-instance" xsi:noNamespaceSchemaLocation="https://maven.apache.org/surefire/maven-surefire-plugin/xsd/surefire-test-report.xsd" name="za.ac.nwu.ac.web.sb.controller.AccountTypeControllerTest" time="1.08" tests="6" errors="2" skipped="0" failures="3">
  <properties>
    <property name="sun.desktop" value="windows"/>
    <property name="awt.toolkit" value="sun.awt.windows.WToolkit"/>
    <property name="file.encoding.pkg" value="sun.io"/>
    <property name="java.specification.version" value="1.8"/>
    <property name="sun.cpu.isalist" value="amd64"/>
    <property name="sun.jnu.encoding" value="Cp1252"/>
    <property name="java.class.path" value="D:\Documents\CMPG323_PROJECT\AccountSystem\AccountSystemWebSpringBoot\target\test-classes;D:\Documents\CMPG323_PROJECT\AccountSystem\AccountSystemWebSpringBoot\target\classes;D:\Documents\CMPG323_PROJECT\AccountSystem\AccountSystemDomain\target\AccountSystemDomain-1.0-SNAPSHOT.jar;D:\Documents\CMPG323_PROJECT\repo\com\fasterxml\jackson\core\jackson-annotations\2.9.0\jackson-annotations-2.9.0.jar;D:\Documents\CMPG323_PROJECT\AccountSystem\AccountSystemLogic\target\AccountSystemLogic-1.0-SNAPSHOT.jar;D:\Documents\CMPG323_PROJECT\AccountSystem\AccountSystemTranslator\target\AccountSystemTranslator-1.0-SNAPSHOT.jar;D:\Documents\CMPG323_PROJECT\AccountSystem\AccountSystemRepository\target\AccountSystemRepository-1.0-SNAPSHOT.jar;D:\Documents\CMPG323_PROJECT\repo\org\springframework\boot\spring-boot-starter-data-jpa\2.1.6.RELEASE\spring-boot-starter-data-jpa-2.1.6.RELEASE.jar;D:\Documents\CMPG323_PROJECT\repo\org\springframework\boot\spring-boot-starter-aop\2.1.6.RELEASE\spring-boot-starter-aop-2.1.6.RELEASE.jar;D:\Documents\CMPG323_PROJECT\repo\org\aspectj\aspectjweaver\1.9.4\aspectjweaver-1.9.4.jar;D:\Documents\CMPG323_PROJECT\repo\org\springframework\boot\spring-boot-starter-jdbc\2.1.6.RELEASE\spring-boot-starter-jdbc-2.1.6.RELEASE.jar;D:\Documents\CMPG323_PROJECT\repo\com\zaxxer\HikariCP\3.2.0\HikariCP-3.2.0.jar;D:\Documents\CMPG323_PROJECT\repo\org\springframework\spring-jdbc\5.1.8.RELEASE\spring-jdbc-5.1.8.RELEASE.jar;D:\Documents\CMPG323_PROJECT\repo\javax\xml\bind\jaxb-api\2.3.1\jaxb-api-2.3.1.jar;D:\Documents\CMPG323_PROJECT\repo\javax\activation\javax.activation-api\1.2.0\javax.activation-api-1.2.0.jar;D:\Documents\CMPG323_PROJECT\repo\org\hibernate\hibernate-core\5.3.10.Final\hibernate-core-5.3.10.Final.jar;D:\Documents\CMPG323_PROJECT\repo\javax\persistence\javax.persistence-api\2.2\javax.persistence-api-2.2.jar;D:\Documents\CMPG323_PROJECT\repo\org\javassist\javassist\3.23.2-GA\javassist-3.23.2-GA.jar;D:\Documents\CMPG323_PROJECT\repo\antlr\antlr\2.7.7\antlr-2.7.7.jar;D:\Documents\CMPG323_PROJECT\repo\org\jboss\jandex\2.0.5.Final\jandex-2.0.5.Final.jar;D:\Documents\CMPG323_PROJECT\repo\org\dom4j\dom4j\2.1.1\dom4j-2.1.1.jar;D:\Documents\CMPG323_PROJECT\repo\org\hibernate\common\hibernate-commons-annotations\5.0.4.Final\hibernate-commons-annotations-5.0.4.Final.jar;D:\Documents\CMPG323_PROJECT\repo\org\springframework\data\spring-data-jpa\2.1.9.RELEASE\spring-data-jpa-2.1.9.RELEASE.jar;D:\Documents\CMPG323_PROJECT\repo\org\springframework\data\spring-data-commons\2.1.9.RELEASE\spring-data-commons-2.1.9.RELEASE.jar;D:\Documents\CMPG323_PROJECT\repo\org\springframework\spring-orm\5.1.8.RELEASE\spring-orm-5.1.8.RELEASE.jar;D:\Documents\CMPG323_PROJECT\repo\org\springframework\spring-tx\5.1.8.RELEASE\spring-tx-5.1.8.RELEASE.jar;D:\Documents\CMPG323_PROJECT\repo\org\springframework\spring-aspects\5.1.8.RELEASE\spring-aspects-5.1.8.RELEASE.jar;D:\Documents\CMPG323_PROJECT\repo\mysql\mysql-connector-java\8.0.16\mysql-connector-java-8.0.16.jar;D:\Documents\CMPG323_PROJECT\repo\javax\transaction\javax.transaction-api\1.3\javax.transaction-api-1.3.jar;D:\Documents\CMPG323_PROJECT\repo\org\springframework\spring-context\5.1.8.RELEASE\spring-context-5.1.8.RELEASE.jar;D:\Documents\CMPG323_PROJECT\repo\org\springframework\spring-aop\5.1.8.RELEASE\spring-aop-5.1.8.RELEASE.jar;D:\Documents\CMPG323_PROJECT\repo\org\springframework\spring-beans\5.1.8.RELEASE\spring-beans-5.1.8.RELEASE.jar;D:\Documents\CMPG323_PROJECT\repo\org\springframework\spring-expression\5.1.8.RELEASE\spring-expression-5.1.8.RELEASE.jar;D:\Documents\CMPG323_PROJECT\repo\org\springframework\boot\spring-boot-starter-web\2.1.6.RELEASE\spring-boot-starter-web-2.1.6.RELEASE.jar;D:\Documents\CMPG323_PROJECT\repo\org\springframework\boot\spring-boot-starter\2.1.6.RELEASE\spring-boot-starter-2.1.6.RELEASE.jar;D:\Documents\CMPG323_PROJECT\repo\org\springframework\boot\spring-boot\2.1.6.RELEASE\spring-boot-2.1.6.RELEASE.jar;D:\Documents\CMPG323_PROJECT\repo\org\springframework\boot\spring-boot-autoconfigure\2.1.6.RELEASE\spring-boot-autoconfigure-2.1.6.RELEASE.jar;D:\Documents\CMPG323_PROJECT\repo\org\springframework\boot\spring-boot-starter-logging\2.1.6.RELEASE\spring-boot-starter-logging-2.1.6.RELEASE.jar;D:\Documents\CMPG323_PROJECT\repo\ch\qos\logback\logback-classic\1.2.3\logback-classic-1.2.3.jar;D:\Documents\CMPG323_PROJECT\repo\ch\qos\logback\logback-core\1.2.3\logback-core-1.2.3.jar;D:\Documents\CMPG323_PROJECT\repo\org\apache\logging\log4j\log4j-to-slf4j\2.11.2\log4j-to-slf4j-2.11.2.jar;D:\Documents\CMPG323_PROJECT\repo\org\apache\logging\log4j\log4j-api\2.11.2\log4j-api-2.11.2.jar;D:\Documents\CMPG323_PROJECT\repo\org\slf4j\jul-to-slf4j\1.7.26\jul-to-slf4j-1.7.26.jar;D:\Documents\CMPG323_PROJECT\repo\javax\annotation\javax.annotation-api\1.3.2\javax.annotation-api-1.3.2.jar;D:\Documents\CMPG323_PROJECT\repo\org\yaml\snakeyaml\1.23\snakeyaml-1.23.jar;D:\Documents\CMPG323_PROJECT\repo\org\springframework\boot\spring-boot-starter-json\2.1.6.RELEASE\spring-boot-starter-json-2.1.6.RELEASE.jar;D:\Documents\CMPG323_PROJECT\repo\com\fasterxml\jackson\core\jackson-databind\2.9.9\jackson-databind-2.9.9.jar;D:\Documents\CMPG323_PROJECT\repo\com\fasterxml\jackson\core\jackson-core\2.9.9\jackson-core-2.9.9.jar;D:\Documents\CMPG323_PROJECT\repo\com\fasterxml\jackson\datatype\jackson-datatype-jdk8\2.9.9\jackson-datatype-jdk8-2.9.9.jar;D:\Documents\CMPG323_PROJECT\repo\com\fasterxml\jackson\datatype\jackson-datatype-jsr310\2.9.9\jackson-datatype-jsr310-2.9.9.jar;D:\Documents\CMPG323_PROJECT\repo\com\fasterxml\jackson\module\jackson-module-parameter-names\2.9.9\jackson-module-parameter-names-2.9.9.jar;D:\Documents\CMPG323_PROJECT\repo\org\springframework\boot\spring-boot-starter-tomcat\2.1.6.RELEASE\spring-boot-starter-tomcat-2.1.6.RELEASE.jar;D:\Documents\CMPG323_PROJECT\repo\org\apache\tomcat\embed\tomcat-embed-core\9.0.21\tomcat-embed-core-9.0.21.jar;D:\Documents\CMPG323_PROJECT\repo\org\apache\tomcat\embed\tomcat-embed-el\9.0.21\tomcat-embed-el-9.0.21.jar;D:\Documents\CMPG323_PROJECT\repo\org\apache\tomcat\embed\tomcat-embed-websocket\9.0.21\tomcat-embed-websocket-9.0.21.jar;D:\Documents\CMPG323_PROJECT\repo\org\hibernate\validator\hibernate-validator\6.0.17.Final\hibernate-validator-6.0.17.Final.jar;D:\Documents\CMPG323_PROJECT\repo\javax\validation\validation-api\2.0.1.Final\validation-api-2.0.1.Final.jar;D:\Documents\CMPG323_PROJECT\repo\org\jboss\logging\jboss-logging\3.3.2.Final\jboss-logging-3.3.2.Final.jar;D:\Documents\CMPG323_PROJECT\repo\org\springframework\spring-web\5.1.8.RELEASE\spring-web-5.1.8.RELEASE.jar;D:\Documents\CMPG323_PROJECT\repo\org\springframework\spring-webmvc\5.1.8.RELEASE\spring-webmvc-5.1.8.RELEASE.jar;D:\Documents\CMPG323_PROJECT\repo\io\springfox\springfox-swagger2\2.9.2\springfox-swagger2-2.9.2.jar;D:\Documents\CMPG323_PROJECT\repo\io\swagger\swagger-models\1.5.20\swagger-models-1.5.20.jar;D:\Documents\CMPG323_PROJECT\repo\io\springfox\springfox-spi\2.9.2\springfox-spi-2.9.2.jar;D:\Documents\CMPG323_PROJECT\repo\io\springfox\springfox-core\2.9.2\springfox-core-2.9.2.jar;D:\Documents\CMPG323_PROJECT\repo\io\springfox\springfox-schema\2.9.2\springfox-schema-2.9.2.jar;D:\Documents\CMPG323_PROJECT\repo\io\springfox\springfox-swagger-common\2.9.2\springfox-swagger-common-2.9.2.jar;D:\Documents\CMPG323_PROJECT\repo\io\springfox\springfox-spring-web\2.9.2\springfox-spring-web-2.9.2.jar;D:\Documents\CMPG323_PROJECT\repo\com\google\guava\guava\20.0\guava-20.0.jar;D:\Documents\CMPG323_PROJECT\repo\com\fasterxml\classmate\1.4.0\classmate-1.4.0.jar;D:\Documents\CMPG323_PROJECT\repo\org\springframework\plugin\spring-plugin-core\1.2.0.RELEASE\spring-plugin-core-1.2.0.RELEASE.jar;D:\Documents\CMPG323_PROJECT\repo\org\springframework\plugin\spring-plugin-metadata\1.2.0.RELEASE\spring-plugin-metadata-1.2.0.RELEASE.jar;D:\Documents\CMPG323_PROJECT\repo\org\mapstruct\mapstruct\1.2.0.Final\mapstruct-1.2.0.Final.jar;D:\Documents\CMPG323_PROJECT\repo\io\swagger\swagger-annotations\1.5.20\swagger-annotations-1.5.20.jar;D:\Documents\CMPG323_PROJECT\repo\io\springfox\springfox-swagger-ui\2.9.2\springfox-swagger-ui-2.9.2.jar;D:\Documents\CMPG323_PROJECT\repo\io\springfox\springfox-bean-validators\2.9.2\springfox-bean-validators-2.9.2.jar;D:\Documents\CMPG323_PROJECT\repo\org\springframework\boot\spring-boot-starter-test\2.1.6.RELEASE\spring-boot-starter-test-2.1.6.RELEASE.jar;D:\Documents\CMPG323_PROJECT\repo\org\springframework\boot\spring-boot-test\2.1.6.RELEASE\spring-boot-test-2.1.6.RELEASE.jar;D:\Documents\CMPG323_PROJECT\repo\org\springframework\boot\spring-boot-test-autoconfigure\2.1.6.RELEASE\spring-boot-test-autoconfigure-2.1.6.RELEASE.jar;D:\Documents\CMPG323_PROJECT\repo\com\jayway\jsonpath\json-path\2.4.0\json-path-2.4.0.jar;D:\Documents\CMPG323_PROJECT\repo\net\minidev\json-smart\2.3\json-smart-2.3.jar;D:\Documents\CMPG323_PROJECT\repo\net\minidev\accessors-smart\1.2\accessors-smart-1.2.jar;D:\Documents\CMPG323_PROJECT\repo\org\ow2\asm\asm\5.0.4\asm-5.0.4.jar;D:\Documents\CMPG323_PROJECT\repo\org\slf4j\slf4j-api\1.7.26\slf4j-api-1.7.26.jar;D:\Documents\CMPG323_PROJECT\repo\junit\junit\4.12\junit-4.12.jar;D:\Documents\CMPG323_PROJECT\repo\org\assertj\assertj-core\3.11.1\assertj-core-3.11.1.jar;D:\Documents\CMPG323_PROJECT\repo\org\mockito\mockito-core\2.23.4\mockito-core-2.23.4.jar;D:\Documents\CMPG323_PROJECT\repo\net\bytebuddy\byte-buddy\1.9.13\byte-buddy-1.9.13.jar;D:\Documents\CMPG323_PROJECT\repo\net\bytebuddy\byte-buddy-agent\1.9.13\byte-buddy-agent-1.9.13.jar;D:\Documents\CMPG323_PROJECT\repo\org\objenesis\objenesis\2.6\objenesis-2.6.jar;D:\Documents\CMPG323_PROJECT\repo\org\hamcrest\hamcrest-core\1.3\hamcrest-core-1.3.jar;D:\Documents\CMPG323_PROJECT\repo\org\hamcrest\hamcrest-library\1.3\hamcrest-library-1.3.jar;D:\Documents\CMPG323_PROJECT\repo\org\skyscreamer\jsonassert\1.5.0\jsonassert-1.5.0.jar;D:\Documents\CMPG323_PROJECT\repo\com\vaadin\external\google\android-json\0.0.20131108.vaadin1\android-json-0.0.20131108.vaadin1.jar;D:\Documents\CMPG323_PROJECT\repo\org\springframework\spring-core\5.1.8.RELEASE\spring-core-5.1.8.RELEASE.jar;D:\Documents\CMPG323_PROJECT\repo\org\springframework\spring-jcl\5.1.8.RELEASE\spring-jcl-5.1.8.RELEASE.jar;D:\Documents\CMPG323_PROJECT\repo\org\springframework\spring-test\5.1.8.RELEASE\spring-test-5.1.8.RELEASE.jar;D:\Documents\CMPG323_PROJECT\repo\org\xmlunit\xmlunit-core\2.6.2\xmlunit-core-2.6.2.jar;"/>
    <property name="java.vm.vendor" value="Oracle Corporation"/>
    <property name="sun.arch.data.model" value="64"/>
    <property name="user.variant" value=""/>
    <property name="java.vendor.url" value="http://java.oracle.com/"/>
    <property name="user.timezone" value="Africa/Harare"/>
    <property name="java.vm.specification.version" value="1.8"/>
    <property name="os.name" value="Windows 10"/>
    <property name="user.country" value="US"/>
    <property name="sun.java.launcher" value="SUN_STANDARD"/>
    <property name="sun.boot.library.path" value="D:\Programming\Java\jre\bin"/>
    <property name="sun.java.command" value="C:\Users\qdeet\AppData\Local\Temp\surefire4827736071811952259\surefirebooter3253894474350968819.jar C:\Users\qdeet\AppData\Local\Temp\surefire4827736071811952259 2021-09-27T12-32-11_166-jvmRun1 surefire7761845251663244124tmp surefire_2377160669530601994tmp"/>
    <property name="surefire.test.class.path" value="D:\Documents\CMPG323_PROJECT\AccountSystem\AccountSystemWebSpringBoot\target\test-classes;D:\Documents\CMPG323_PROJECT\AccountSystem\AccountSystemWebSpringBoot\target\classes;D:\Documents\CMPG323_PROJECT\AccountSystem\AccountSystemDomain\target\AccountSystemDomain-1.0-SNAPSHOT.jar;D:\Documents\CMPG323_PROJECT\repo\com\fasterxml\jackson\core\jackson-annotations\2.9.0\jackson-annotations-2.9.0.jar;D:\Documents\CMPG323_PROJECT\AccountSystem\AccountSystemLogic\target\AccountSystemLogic-1.0-SNAPSHOT.jar;D:\Documents\CMPG323_PROJECT\AccountSystem\AccountSystemTranslator\target\AccountSystemTranslator-1.0-SNAPSHOT.jar;D:\Documents\CMPG323_PROJECT\AccountSystem\AccountSystemRepository\target\AccountSystemRepository-1.0-SNAPSHOT.jar;D:\Documents\CMPG323_PROJECT\repo\org\springframework\boot\spring-boot-starter-data-jpa\2.1.6.RELEASE\spring-boot-starter-data-jpa-2.1.6.RELEASE.jar;D:\Documents\CMPG323_PROJECT\repo\org\springframework\boot\spring-boot-starter-aop\2.1.6.RELEASE\spring-boot-starter-aop-2.1.6.RELEASE.jar;D:\Documents\CMPG323_PROJECT\repo\org\aspectj\aspectjweaver\1.9.4\aspectjweaver-1.9.4.jar;D:\Documents\CMPG323_PROJECT\repo\org\springframework\boot\spring-boot-starter-jdbc\2.1.6.RELEASE\spring-boot-starter-jdbc-2.1.6.RELEASE.jar;D:\Documents\CMPG323_PROJECT\repo\com\zaxxer\HikariCP\3.2.0\HikariCP-3.2.0.jar;D:\Documents\CMPG323_PROJECT\repo\org\springframework\spring-jdbc\5.1.8.RELEASE\spring-jdbc-5.1.8.RELEASE.jar;D:\Documents\CMPG323_PROJECT\repo\javax\xml\bind\jaxb-api\2.3.1\jaxb-api-2.3.1.jar;D:\Documents\CMPG323_PROJECT\repo\javax\activation\javax.activation-api\1.2.0\javax.activation-api-1.2.0.jar;D:\Documents\CMPG323_PROJECT\repo\org\hibernate\hibernate-core\5.3.10.Final\hibernate-core-5.3.10.Final.jar;D:\Documents\CMPG323_PROJECT\repo\javax\persistence\javax.persistence-api\2.2\javax.persistence-api-2.2.jar;D:\Documents\CMPG323_PROJECT\repo\org\javassist\javassist\3.23.2-GA\javassist-3.23.2-GA.jar;D:\Documents\CMPG323_PROJECT\repo\antlr\antlr\2.7.7\antlr-2.7.7.jar;D:\Documents\CMPG323_PROJECT\repo\org\jboss\jandex\2.0.5.Final\jandex-2.0.5.Final.jar;D:\Documents\CMPG323_PROJECT\repo\org\dom4j\dom4j\2.1.1\dom4j-2.1.1.jar;D:\Documents\CMPG323_PROJECT\repo\org\hibernate\common\hibernate-commons-annotations\5.0.4.Final\hibernate-commons-annotations-5.0.4.Final.jar;D:\Documents\CMPG323_PROJECT\repo\org\springframework\data\spring-data-jpa\2.1.9.RELEASE\spring-data-jpa-2.1.9.RELEASE.jar;D:\Documents\CMPG323_PROJECT\repo\org\springframework\data\spring-data-commons\2.1.9.RELEASE\spring-data-commons-2.1.9.RELEASE.jar;D:\Documents\CMPG323_PROJECT\repo\org\springframework\spring-orm\5.1.8.RELEASE\spring-orm-5.1.8.RELEASE.jar;D:\Documents\CMPG323_PROJECT\repo\org\springframework\spring-tx\5.1.8.RELEASE\spring-tx-5.1.8.RELEASE.jar;D:\Documents\CMPG323_PROJECT\repo\org\springframework\spring-aspects\5.1.8.RELEASE\spring-aspects-5.1.8.RELEASE.jar;D:\Documents\CMPG323_PROJECT\repo\mysql\mysql-connector-java\8.0.16\mysql-connector-java-8.0.16.jar;D:\Documents\CMPG323_PROJECT\repo\javax\transaction\javax.transaction-api\1.3\javax.transaction-api-1.3.jar;D:\Documents\CMPG323_PROJECT\repo\org\springframework\spring-context\5.1.8.RELEASE\spring-context-5.1.8.RELEASE.jar;D:\Documents\CMPG323_PROJECT\repo\org\springframework\spring-aop\5.1.8.RELEASE\spring-aop-5.1.8.RELEASE.jar;D:\Documents\CMPG323_PROJECT\repo\org\springframework\spring-beans\5.1.8.RELEASE\spring-beans-5.1.8.RELEASE.jar;D:\Documents\CMPG323_PROJECT\repo\org\springframework\spring-expression\5.1.8.RELEASE\spring-expression-5.1.8.RELEASE.jar;D:\Documents\CMPG323_PROJECT\repo\org\springframework\boot\spring-boot-starter-web\2.1.6.RELEASE\spring-boot-starter-web-2.1.6.RELEASE.jar;D:\Documents\CMPG323_PROJECT\repo\org\springframework\boot\spring-boot-starter\2.1.6.RELEASE\spring-boot-starter-2.1.6.RELEASE.jar;D:\Documents\CMPG323_PROJECT\repo\org\springframework\boot\spring-boot\2.1.6.RELEASE\spring-boot-2.1.6.RELEASE.jar;D:\Documents\CMPG323_PROJECT\repo\org\springframework\boot\spring-boot-autoconfigure\2.1.6.RELEASE\spring-boot-autoconfigure-2.1.6.RELEASE.jar;D:\Documents\CMPG323_PROJECT\repo\org\springframework\boot\spring-boot-starter-logging\2.1.6.RELEASE\spring-boot-starter-logging-2.1.6.RELEASE.jar;D:\Documents\CMPG323_PROJECT\repo\ch\qos\logback\logback-classic\1.2.3\logback-classic-1.2.3.jar;D:\Documents\CMPG323_PROJECT\repo\ch\qos\logback\logback-core\1.2.3\logback-core-1.2.3.jar;D:\Documents\CMPG323_PROJECT\repo\org\apache\logging\log4j\log4j-to-slf4j\2.11.2\log4j-to-slf4j-2.11.2.jar;D:\Documents\CMPG323_PROJECT\repo\org\apache\logging\log4j\log4j-api\2.11.2\log4j-api-2.11.2.jar;D:\Documents\CMPG323_PROJECT\repo\org\slf4j\jul-to-slf4j\1.7.26\jul-to-slf4j-1.7.26.jar;D:\Documents\CMPG323_PROJECT\repo\javax\annotation\javax.annotation-api\1.3.2\javax.annotation-api-1.3.2.jar;D:\Documents\CMPG323_PROJECT\repo\org\yaml\snakeyaml\1.23\snakeyaml-1.23.jar;D:\Documents\CMPG323_PROJECT\repo\org\springframework\boot\spring-boot-starter-json\2.1.6.RELEASE\spring-boot-starter-json-2.1.6.RELEASE.jar;D:\Documents\CMPG323_PROJECT\repo\com\fasterxml\jackson\core\jackson-databind\2.9.9\jackson-databind-2.9.9.jar;D:\Documents\CMPG323_PROJECT\repo\com\fasterxml\jackson\core\jackson-core\2.9.9\jackson-core-2.9.9.jar;D:\Documents\CMPG323_PROJECT\repo\com\fasterxml\jackson\datatype\jackson-datatype-jdk8\2.9.9\jackson-datatype-jdk8-2.9.9.jar;D:\Documents\CMPG323_PROJECT\repo\com\fasterxml\jackson\datatype\jackson-datatype-jsr310\2.9.9\jackson-datatype-jsr310-2.9.9.jar;D:\Documents\CMPG323_PROJECT\repo\com\fasterxml\jackson\module\jackson-module-parameter-names\2.9.9\jackson-module-parameter-names-2.9.9.jar;D:\Documents\CMPG323_PROJECT\repo\org\springframework\boot\spring-boot-starter-tomcat\2.1.6.RELEASE\spring-boot-starter-tomcat-2.1.6.RELEASE.jar;D:\Documents\CMPG323_PROJECT\repo\org\apache\tomcat\embed\tomcat-embed-core\9.0.21\tomcat-embed-core-9.0.21.jar;D:\Documents\CMPG323_PROJECT\repo\org\apache\tomcat\embed\tomcat-embed-el\9.0.21\tomcat-embed-el-9.0.21.jar;D:\Documents\CMPG323_PROJECT\repo\org\apache\tomcat\embed\tomcat-embed-websocket\9.0.21\tomcat-embed-websocket-9.0.21.jar;D:\Documents\CMPG323_PROJECT\repo\org\hibernate\validator\hibernate-validator\6.0.17.Final\hibernate-validator-6.0.17.Final.jar;D:\Documents\CMPG323_PROJECT\repo\javax\validation\validation-api\2.0.1.Final\validation-api-2.0.1.Final.jar;D:\Documents\CMPG323_PROJECT\repo\org\jboss\logging\jboss-logging\3.3.2.Final\jboss-logging-3.3.2.Final.jar;D:\Documents\CMPG323_PROJECT\repo\org\springframework\spring-web\5.1.8.RELEASE\spring-web-5.1.8.RELEASE.jar;D:\Documents\CMPG323_PROJECT\repo\org\springframework\spring-webmvc\5.1.8.RELEASE\spring-webmvc-5.1.8.RELEASE.jar;D:\Documents\CMPG323_PROJECT\repo\io\springfox\springfox-swagger2\2.9.2\springfox-swagger2-2.9.2.jar;D:\Documents\CMPG323_PROJECT\repo\io\swagger\swagger-models\1.5.20\swagger-models-1.5.20.jar;D:\Documents\CMPG323_PROJECT\repo\io\springfox\springfox-spi\2.9.2\springfox-spi-2.9.2.jar;D:\Documents\CMPG323_PROJECT\repo\io\springfox\springfox-core\2.9.2\springfox-core-2.9.2.jar;D:\Documents\CMPG323_PROJECT\repo\io\springfox\springfox-schema\2.9.2\springfox-schema-2.9.2.jar;D:\Documents\CMPG323_PROJECT\repo\io\springfox\springfox-swagger-common\2.9.2\springfox-swagger-common-2.9.2.jar;D:\Documents\CMPG323_PROJECT\repo\io\springfox\springfox-spring-web\2.9.2\springfox-spring-web-2.9.2.jar;D:\Documents\CMPG323_PROJECT\repo\com\google\guava\guava\20.0\guava-20.0.jar;D:\Documents\CMPG323_PROJECT\repo\com\fasterxml\classmate\1.4.0\classmate-1.4.0.jar;D:\Documents\CMPG323_PROJECT\repo\org\springframework\plugin\spring-plugin-core\1.2.0.RELEASE\spring-plugin-core-1.2.0.RELEASE.jar;D:\Documents\CMPG323_PROJECT\repo\org\springframework\plugin\spring-plugin-metadata\1.2.0.RELEASE\spring-plugin-metadata-1.2.0.RELEASE.jar;D:\Documents\CMPG323_PROJECT\repo\org\mapstruct\mapstruct\1.2.0.Final\mapstruct-1.2.0.Final.jar;D:\Documents\CMPG323_PROJECT\repo\io\swagger\swagger-annotations\1.5.20\swagger-annotations-1.5.20.jar;D:\Documents\CMPG323_PROJECT\repo\io\springfox\springfox-swagger-ui\2.9.2\springfox-swagger-ui-2.9.2.jar;D:\Documents\CMPG323_PROJECT\repo\io\springfox\springfox-bean-validators\2.9.2\springfox-bean-validators-2.9.2.jar;D:\Documents\CMPG323_PROJECT\repo\org\springframework\boot\spring-boot-starter-test\2.1.6.RELEASE\spring-boot-starter-test-2.1.6.RELEASE.jar;D:\Documents\CMPG323_PROJECT\repo\org\springframework\boot\spring-boot-test\2.1.6.RELEASE\spring-boot-test-2.1.6.RELEASE.jar;D:\Documents\CMPG323_PROJECT\repo\org\springframework\boot\spring-boot-test-autoconfigure\2.1.6.RELEASE\spring-boot-test-autoconfigure-2.1.6.RELEASE.jar;D:\Documents\CMPG323_PROJECT\repo\com\jayway\jsonpath\json-path\2.4.0\json-path-2.4.0.jar;D:\Documents\CMPG323_PROJECT\repo\net\minidev\json-smart\2.3\json-smart-2.3.jar;D:\Documents\CMPG323_PROJECT\repo\net\minidev\accessors-smart\1.2\accessors-smart-1.2.jar;D:\Documents\CMPG323_PROJECT\repo\org\ow2\asm\asm\5.0.4\asm-5.0.4.jar;D:\Documents\CMPG323_PROJECT\repo\org\slf4j\slf4j-api\1.7.26\slf4j-api-1.7.26.jar;D:\Documents\CMPG323_PROJECT\repo\junit\junit\4.12\junit-4.12.jar;D:\Documents\CMPG323_PROJECT\repo\org\assertj\assertj-core\3.11.1\assertj-core-3.11.1.jar;D:\Documents\CMPG323_PROJECT\repo\org\mockito\mockito-core\2.23.4\mockito-core-2.23.4.jar;D:\Documents\CMPG323_PROJECT\repo\net\bytebuddy\byte-buddy\1.9.13\byte-buddy-1.9.13.jar;D:\Documents\CMPG323_PROJECT\repo\net\bytebuddy\byte-buddy-agent\1.9.13\byte-buddy-agent-1.9.13.jar;D:\Documents\CMPG323_PROJECT\repo\org\objenesis\objenesis\2.6\objenesis-2.6.jar;D:\Documents\CMPG323_PROJECT\repo\org\hamcrest\hamcrest-core\1.3\hamcrest-core-1.3.jar;D:\Documents\CMPG323_PROJECT\repo\org\hamcrest\hamcrest-library\1.3\hamcrest-library-1.3.jar;D:\Documents\CMPG323_PROJECT\repo\org\skyscreamer\jsonassert\1.5.0\jsonassert-1.5.0.jar;D:\Documents\CMPG323_PROJECT\repo\com\vaadin\external\google\android-json\0.0.20131108.vaadin1\android-json-0.0.20131108.vaadin1.jar;D:\Documents\CMPG323_PROJECT\repo\org\springframework\spring-core\5.1.8.RELEASE\spring-core-5.1.8.RELEASE.jar;D:\Documents\CMPG323_PROJECT\repo\org\springframework\spring-jcl\5.1.8.RELEASE\spring-jcl-5.1.8.RELEASE.jar;D:\Documents\CMPG323_PROJECT\repo\org\springframework\spring-test\5.1.8.RELEASE\spring-test-5.1.8.RELEASE.jar;D:\Documents\CMPG323_PROJECT\repo\org\xmlunit\xmlunit-core\2.6.2\xmlunit-core-2.6.2.jar;"/>
    <property name="sun.cpu.endian" value="little"/>
    <property name="user.home" value="C:\Users\qdeet"/>
    <property name="user.language" value="en"/>
    <property name="java.specification.vendor" value="Oracle Corporation"/>
    <property name="java.home" value="D:\Programming\Java\jre"/>
    <property name="basedir" value="D:\Documents\CMPG323_PROJECT\AccountSystem\AccountSystemWebSpringBoot"/>
    <property name="file.separator" value="\"/>
    <property name="line.separator" value="&#10;"/>
    <property name="java.vm.specification.vendor" value="Oracle Corporation"/>
    <property name="java.specification.name" value="Java Platform API Specification"/>
    <property name="java.awt.graphicsenv" value="sun.awt.Win32GraphicsEnvironment"/>
    <property name="surefire.real.class.path" value="C:\Users\qdeet\AppData\Local\Temp\surefire4827736071811952259\surefirebooter3253894474350968819.jar"/>
    <property name="sun.boot.class.path" value="D:\Programming\Java\jre\lib\resources.jar;D:\Programming\Java\jre\lib\rt.jar;D:\Programming\Java\jre\lib\sunrsasign.jar;D:\Programming\Java\jre\lib\jsse.jar;D:\Programming\Java\jre\lib\jce.jar;D:\Programming\Java\jre\lib\charsets.jar;D:\Programming\Java\jre\lib\jfr.jar;D:\Programming\Java\jre\classes"/>
    <property name="user.script" value=""/>
    <property name="sun.management.compiler" value="HotSpot 64-Bit Tiered Compilers"/>
    <property name="java.runtime.version" value="1.8.0_261-b12"/>
    <property name="user.name" value="qdeet"/>
    <property name="path.separator" value=";"/>
    <property name="os.version" value="10.0"/>
    <property name="java.endorsed.dirs" value="D:\Programming\Java\jre\lib\endorsed"/>
    <property name="java.runtime.name" value="Java(TM) SE Runtime Environment"/>
    <property name="file.encoding" value="Cp1252"/>
    <property name="java.vm.name" value="Java HotSpot(TM) 64-Bit Server VM"/>
    <property name="localRepository" value="D:\Documents\CMPG323_PROJECT\repo"/>
    <property name="java.vendor.url.bug" value="http://bugreport.sun.com/bugreport/"/>
    <property name="java.io.tmpdir" value="C:\Users\qdeet\AppData\Local\Temp\"/>
    <property name="idea.version" value="2021.2.2"/>
    <property name="java.version" value="1.8.0_261"/>
    <property name="user.dir" value="D:\Documents\CMPG323_PROJECT\AccountSystem\AccountSystemWebSpringBoot"/>
    <property name="os.arch" value="amd64"/>
    <property name="java.vm.specification.name" value="Java Virtual Machine Specification"/>
    <property name="java.awt.printerjob" value="sun.awt.windows.WPrinterJob"/>
    <property name="sun.os.patch.level" value=""/>
    <property name="java.library.path" value="D:\Programming\Java\jre\bin;C:\Windows\Sun\Java\bin;C:\Windows\system32;C:\Windows;D:\Programming\Python\Scripts\;D:\Programming\Python\;C:\Program Files\Common Files\Oracle\Java\javapath;D:\Programming\OracleXE\app\oracle\product\11.2.0\server\bin;C:\Program Files (x86)\Common Files\Oracle\Java\javapath;D:\Programming\Java\bin;C:\Windows;C:\Windows\System32\Wbem;C:\Windows\System32\WindowsPowerShell\v1.0\;C:\Windows\System32\OpenSSH\;C:\Program Files\NVIDIA Corporation\NVIDIA NvDLISR;C:\Program Files (x86)\NVIDIA Corporation\PhysX\Common;C:\Program Files (x86)\dotnet\;C:\Program Files\dotnet\;C:\Program Files\Microsoft SQL Server\130\Tools\Binn\;C:\Program Files\Microsoft SQL Server\Client SDK\ODBC\170\Tools\Binn\;D:\Programming\Git\cmd;C:\Program Files\MySQL\MySQL Shell 8.0\bin\;C:\Users\qdeet\AppData\Local\Microsoft\WindowsApps;C:\Program Files\Azure Data Studio\bin;D:\Programming\Java_JDK_16.0.2\bin;D:\Programming\Maven\apache-maven-3.8.1\bin;C:\Users\qdeet\.dotnet\tools;."/>
    <property name="java.vm.info" value="mixed mode"/>
    <property name="java.vendor" value="Oracle Corporation"/>
    <property name="java.vm.version" value="25.261-b12"/>
    <property name="java.ext.dirs" value="D:\Programming\Java\jre\lib\ext;C:\Windows\Sun\Java\lib\ext"/>
    <property name="sun.io.unicode.encoding" value="UnicodeLittle"/>
    <property name="java.class.version" value="52.0"/>
  </properties>
  <testcase name="create" classname="za.ac.nwu.ac.web.sb.controller.AccountTypeControllerTest" time="0.549">
    <error message="Text &apos;2020 - 01 - 01&apos; could not be parsed at index 4" type="java.time.format.DateTimeParseException">java.time.format.DateTimeParseException: Text '2020 - 01 - 01' could not be parsed at index 4
	at za.ac.nwu.ac.web.sb.controller.AccountTypeControllerTest.create(AccountTypeControllerTest.java:99)
</error>
    <system-out><![CDATA[12:32:18.719 [main] DEBUG org.springframework.web.servlet.mvc.method.annotation.RequestMappingHandlerMapping - 5 mappings in <unknown>
12:32:18.896 [main] DEBUG org.jboss.logging - Logging Provider: org.jboss.logging.Log4j2LoggerProvider
12:32:18.897 [main] INFO org.hibernate.validator.internal.util.Version - HV000001: Hibernate Validator 6.0.17.Final
12:32:18.903 [main] DEBUG org.hibernate.validator.internal.engine.resolver.TraversableResolvers - Found javax.persistence.Persistence on classpath containing 'getPersistenceUtil'. Assuming JPA 2 environment. Trying to instantiate JPA aware TraversableResolver
12:32:18.904 [main] DEBUG org.hibernate.validator.internal.engine.resolver.TraversableResolvers - Instantiated JPA aware TraversableResolver of type org.hibernate.validator.internal.engine.resolver.JPATraversableResolver.
12:32:18.912 [main] DEBUG org.hibernate.validator.messageinterpolation.ResourceBundleMessageInterpolator - Loaded expression factory via original TCCL
12:32:18.913 [main] DEBUG org.hibernate.validator.internal.engine.ConfigurationImpl - Setting custom MessageInterpolator of type org.springframework.validation.beanvalidation.LocaleContextMessageInterpolator
12:32:18.913 [main] DEBUG org.hibernate.validator.internal.engine.ConfigurationImpl - Setting custom ParameterNameProvider of type org.springframework.validation.beanvalidation.LocalValidatorFactoryBean$1
12:32:18.915 [main] DEBUG org.hibernate.validator.internal.xml.config.ValidationXmlParser - Trying to load META-INF/validation.xml for XML based Validator configuration.
12:32:18.916 [main] DEBUG org.hibernate.validator.internal.xml.config.ResourceLoaderHelper - Trying to load META-INF/validation.xml via TCCL
12:32:18.916 [main] DEBUG org.hibernate.validator.internal.xml.config.ResourceLoaderHelper - Trying to load META-INF/validation.xml via Hibernate Validator's class loader
12:32:18.916 [main] DEBUG org.hibernate.validator.internal.xml.config.ValidationXmlParser - No META-INF/validation.xml found. Using annotation based configuration only.
12:32:19.013 [main] DEBUG org.hibernate.validator.internal.engine.ValidatorFactoryImpl - HV000234: Using org.springframework.validation.beanvalidation.LocaleContextMessageInterpolator as ValidatorFactory-scoped message interpolator.
12:32:19.013 [main] DEBUG org.hibernate.validator.internal.engine.ValidatorFactoryImpl - HV000234: Using org.hibernate.validator.internal.engine.resolver.JPATraversableResolver as ValidatorFactory-scoped traversable resolver.
12:32:19.014 [main] DEBUG org.hibernate.validator.internal.engine.ValidatorFactoryImpl - HV000234: Using org.hibernate.validator.internal.util.ExecutableParameterNameProvider as ValidatorFactory-scoped parameter name provider.
12:32:19.014 [main] DEBUG org.hibernate.validator.internal.engine.ValidatorFactoryImpl - HV000234: Using org.hibernate.validator.internal.engine.DefaultClockProvider as ValidatorFactory-scoped clock provider.
12:32:19.014 [main] DEBUG org.hibernate.validator.internal.engine.ValidatorFactoryImpl - HV000234: Using org.hibernate.validator.internal.engine.scripting.DefaultScriptEvaluatorFactory as ValidatorFactory-scoped script evaluator factory.
12:32:19.034 [main] DEBUG org.springframework.web.servlet.mvc.method.annotation.RequestMappingHandlerAdapter - ControllerAdvice beans: 0 @ModelAttribute, 0 @InitBinder, 1 RequestBodyAdvice, 1 ResponseBodyAdvice
12:32:19.054 [main] DEBUG org.springframework.web.servlet.mvc.method.annotation.ExceptionHandlerExceptionResolver - ControllerAdvice beans: 0 @ExceptionHandler, 1 ResponseBodyAdvice
12:32:19.069 [main] INFO org.springframework.mock.web.MockServletContext - Initializing Spring TestDispatcherServlet ''
12:32:19.069 [main] INFO org.springframework.test.web.servlet.TestDispatcherServlet - Initializing Servlet ''
12:32:19.071 [main] DEBUG org.springframework.test.web.servlet.TestDispatcherServlet - Detected AcceptHeaderLocaleResolver
12:32:19.071 [main] DEBUG org.springframework.test.web.servlet.TestDispatcherServlet - Detected FixedThemeResolver
12:32:19.071 [main] DEBUG org.springframework.test.web.servlet.TestDispatcherServlet - Detected org.springframework.web.servlet.view.DefaultRequestToViewNameTranslator@3773862a
12:32:19.071 [main] DEBUG org.springframework.test.web.servlet.TestDispatcherServlet - Detected org.springframework.web.servlet.support.SessionFlashMapManager@2472c7d8
12:32:19.071 [main] DEBUG org.springframework.test.web.servlet.TestDispatcherServlet - enableLoggingRequestDetails='false': request parameters and headers will be masked to prevent unsafe logging of potentially sensitive data
12:32:19.071 [main] INFO org.springframework.test.web.servlet.TestDispatcherServlet - Completed initialization in 2 ms
]]></system-out>
  </testcase>
  <testcase name="getAll" classname="za.ac.nwu.ac.web.sb.controller.AccountTypeControllerTest" time="0.105">
    <failure message="expected:&lt;{&quot;[successful&quot;:true,&quot;]payload&quot;:[{&quot;mnemonic...&gt; but was:&lt;{&quot;[]payload&quot;:[{&quot;mnemonic...&gt;" type="org.junit.ComparisonFailure"><![CDATA[org.junit.ComparisonFailure: expected:<{"[successful":true,"]payload":[{"mnemonic...> but was:<{"[]payload":[{"mnemonic...>
	at za.ac.nwu.ac.web.sb.controller.AccountTypeControllerTest.getAll(AccountTypeControllerTest.java:88)
]]></failure>
    <system-out><![CDATA[12:32:19.081 [main] DEBUG org.springframework.web.servlet.mvc.method.annotation.RequestMappingHandlerMapping - 5 mappings in <unknown>
12:32:19.084 [main] DEBUG org.hibernate.validator.internal.engine.resolver.TraversableResolvers - Found javax.persistence.Persistence on classpath containing 'getPersistenceUtil'. Assuming JPA 2 environment. Trying to instantiate JPA aware TraversableResolver
12:32:19.084 [main] DEBUG org.hibernate.validator.internal.engine.resolver.TraversableResolvers - Instantiated JPA aware TraversableResolver of type org.hibernate.validator.internal.engine.resolver.JPATraversableResolver.
12:32:19.084 [main] DEBUG org.hibernate.validator.messageinterpolation.ResourceBundleMessageInterpolator - Loaded expression factory via original TCCL
12:32:19.084 [main] DEBUG org.hibernate.validator.internal.engine.ConfigurationImpl - Setting custom MessageInterpolator of type org.springframework.validation.beanvalidation.LocaleContextMessageInterpolator
12:32:19.084 [main] DEBUG org.hibernate.validator.internal.engine.ConfigurationImpl - Setting custom ParameterNameProvider of type org.springframework.validation.beanvalidation.LocalValidatorFactoryBean$1
12:32:19.085 [main] DEBUG org.hibernate.validator.internal.xml.config.ValidationXmlParser - Trying to load META-INF/validation.xml for XML based Validator configuration.
12:32:19.085 [main] DEBUG org.hibernate.validator.internal.xml.config.ResourceLoaderHelper - Trying to load META-INF/validation.xml via TCCL
12:32:19.085 [main] DEBUG org.hibernate.validator.internal.xml.config.ResourceLoaderHelper - Trying to load META-INF/validation.xml via Hibernate Validator's class loader
12:32:19.085 [main] DEBUG org.hibernate.validator.internal.xml.config.ValidationXmlParser - No META-INF/validation.xml found. Using annotation based configuration only.
12:32:19.088 [main] DEBUG org.hibernate.validator.internal.engine.ValidatorFactoryImpl - HV000234: Using org.springframework.validation.beanvalidation.LocaleContextMessageInterpolator as ValidatorFactory-scoped message interpolator.
12:32:19.088 [main] DEBUG org.hibernate.validator.internal.engine.ValidatorFactoryImpl - HV000234: Using org.hibernate.validator.internal.engine.resolver.JPATraversableResolver as ValidatorFactory-scoped traversable resolver.
12:32:19.088 [main] DEBUG org.hibernate.validator.internal.engine.ValidatorFactoryImpl - HV000234: Using org.hibernate.validator.internal.util.ExecutableParameterNameProvider as ValidatorFactory-scoped parameter name provider.
12:32:19.088 [main] DEBUG org.hibernate.validator.internal.engine.ValidatorFactoryImpl - HV000234: Using org.hibernate.validator.internal.engine.DefaultClockProvider as ValidatorFactory-scoped clock provider.
12:32:19.088 [main] DEBUG org.hibernate.validator.internal.engine.ValidatorFactoryImpl - HV000234: Using org.hibernate.validator.internal.engine.scripting.DefaultScriptEvaluatorFactory as ValidatorFactory-scoped script evaluator factory.
12:32:19.089 [main] DEBUG org.springframework.web.servlet.mvc.method.annotation.RequestMappingHandlerAdapter - ControllerAdvice beans: 0 @ModelAttribute, 0 @InitBinder, 1 RequestBodyAdvice, 1 ResponseBodyAdvice
12:32:19.090 [main] DEBUG org.springframework.web.servlet.mvc.method.annotation.ExceptionHandlerExceptionResolver - ControllerAdvice beans: 0 @ExceptionHandler, 1 ResponseBodyAdvice
12:32:19.090 [main] INFO org.springframework.mock.web.MockServletContext - Initializing Spring TestDispatcherServlet ''
12:32:19.090 [main] INFO org.springframework.test.web.servlet.TestDispatcherServlet - Initializing Servlet ''
12:32:19.090 [main] DEBUG org.springframework.test.web.servlet.TestDispatcherServlet - Detected AcceptHeaderLocaleResolver
12:32:19.090 [main] DEBUG org.springframework.test.web.servlet.TestDispatcherServlet - Detected FixedThemeResolver
12:32:19.090 [main] DEBUG org.springframework.test.web.servlet.TestDispatcherServlet - Detected org.springframework.web.servlet.view.DefaultRequestToViewNameTranslator@53bf7094
12:32:19.090 [main] DEBUG org.springframework.test.web.servlet.TestDispatcherServlet - Detected org.springframework.web.servlet.support.SessionFlashMapManager@26f1249d
12:32:19.091 [main] DEBUG org.springframework.test.web.servlet.TestDispatcherServlet - enableLoggingRequestDetails='false': request parameters and headers will be masked to prevent unsafe logging of potentially sensitive data
12:32:19.091 [main] INFO org.springframework.test.web.servlet.TestDispatcherServlet - Completed initialization in 1 ms
12:32:19.121 [main] DEBUG org.springframework.test.web.servlet.TestDispatcherServlet - GET "/account-system/mvc/account-type/all", parameters={}
12:32:19.123 [main] DEBUG org.springframework.web.servlet.mvc.method.annotation.RequestMappingHandlerMapping - Mapped to public org.springframework.http.ResponseEntity<za.ac.nwu.ac.domain.service.GeneralResponse<java.util.List<za.ac.nwu.ac.domain.dto.AccountTypeDto>>> za.ac.nwu.ac.web.sb.controller.AccountTypeController.getAll()
12:32:19.157 [main] DEBUG org.springframework.web.servlet.mvc.method.annotation.HttpEntityMethodProcessor - Using 'application/json', given [application/json] and supported [application/json, application/*+json]
12:32:19.158 [main] DEBUG org.springframework.web.servlet.mvc.method.annotation.HttpEntityMethodProcessor - Writing [GeneralResponse{successful=true,payload=[AccountTypeDto{mnemonic='MILES', accountTypeName='Miles acc (truncated)...]
12:32:19.177 [main] DEBUG org.springframework.test.web.servlet.TestDispatcherServlet - Completed 200 OK
]]></system-out>
  </testcase>
  <testcase name="updateAccountTypeObitMandatory" classname="za.ac.nwu.ac.web.sb.controller.AccountTypeControllerTest" time="0.027"/>
  <testcase name="updateAccountType" classname="za.ac.nwu.ac.web.sb.controller.AccountTypeControllerTest" time="0.021">
    <failure message="Status expected:&lt;200&gt; but was:&lt;201&gt;" type="java.lang.AssertionError"><![CDATA[java.lang.AssertionError: Status expected:<200> but was:<201>
	at za.ac.nwu.ac.web.sb.controller.AccountTypeControllerTest.updateAccountType(AccountTypeControllerTest.java:152)
]]></failure>
    <system-out><![CDATA[12:32:19.214 [main] DEBUG org.springframework.web.servlet.mvc.method.annotation.RequestMappingHandlerMapping - 5 mappings in <unknown>
12:32:19.217 [main] DEBUG org.hibernate.validator.internal.engine.resolver.TraversableResolvers - Found javax.persistence.Persistence on classpath containing 'getPersistenceUtil'. Assuming JPA 2 environment. Trying to instantiate JPA aware TraversableResolver
12:32:19.217 [main] DEBUG org.hibernate.validator.internal.engine.resolver.TraversableResolvers - Instantiated JPA aware TraversableResolver of type org.hibernate.validator.internal.engine.resolver.JPATraversableResolver.
12:32:19.218 [main] DEBUG org.hibernate.validator.messageinterpolation.ResourceBundleMessageInterpolator - Loaded expression factory via original TCCL
12:32:19.218 [main] DEBUG org.hibernate.validator.internal.engine.ConfigurationImpl - Setting custom MessageInterpolator of type org.springframework.validation.beanvalidation.LocaleContextMessageInterpolator
12:32:19.218 [main] DEBUG org.hibernate.validator.internal.engine.ConfigurationImpl - Setting custom ParameterNameProvider of type org.springframework.validation.beanvalidation.LocalValidatorFactoryBean$1
12:32:19.218 [main] DEBUG org.hibernate.validator.internal.xml.config.ValidationXmlParser - Trying to load META-INF/validation.xml for XML based Validator configuration.
12:32:19.218 [main] DEBUG org.hibernate.validator.internal.xml.config.ResourceLoaderHelper - Trying to load META-INF/validation.xml via TCCL
12:32:19.218 [main] DEBUG org.hibernate.validator.internal.xml.config.ResourceLoaderHelper - Trying to load META-INF/validation.xml via Hibernate Validator's class loader
12:32:19.218 [main] DEBUG org.hibernate.validator.internal.xml.config.ValidationXmlParser - No META-INF/validation.xml found. Using annotation based configuration only.
12:32:19.221 [main] DEBUG org.hibernate.validator.internal.engine.ValidatorFactoryImpl - HV000234: Using org.springframework.validation.beanvalidation.LocaleContextMessageInterpolator as ValidatorFactory-scoped message interpolator.
12:32:19.221 [main] DEBUG org.hibernate.validator.internal.engine.ValidatorFactoryImpl - HV000234: Using org.hibernate.validator.internal.engine.resolver.JPATraversableResolver as ValidatorFactory-scoped traversable resolver.
12:32:19.222 [main] DEBUG org.hibernate.validator.internal.engine.ValidatorFactoryImpl - HV000234: Using org.hibernate.validator.internal.util.ExecutableParameterNameProvider as ValidatorFactory-scoped parameter name provider.
12:32:19.222 [main] DEBUG org.hibernate.validator.internal.engine.ValidatorFactoryImpl - HV000234: Using org.hibernate.validator.internal.engine.DefaultClockProvider as ValidatorFactory-scoped clock provider.
12:32:19.222 [main] DEBUG org.hibernate.validator.internal.engine.ValidatorFactoryImpl - HV000234: Using org.hibernate.validator.internal.engine.scripting.DefaultScriptEvaluatorFactory as ValidatorFactory-scoped script evaluator factory.
12:32:19.224 [main] DEBUG org.springframework.web.servlet.mvc.method.annotation.RequestMappingHandlerAdapter - ControllerAdvice beans: 0 @ModelAttribute, 0 @InitBinder, 1 RequestBodyAdvice, 1 ResponseBodyAdvice
12:32:19.225 [main] DEBUG org.springframework.web.servlet.mvc.method.annotation.ExceptionHandlerExceptionResolver - ControllerAdvice beans: 0 @ExceptionHandler, 1 ResponseBodyAdvice
12:32:19.226 [main] INFO org.springframework.mock.web.MockServletContext - Initializing Spring TestDispatcherServlet ''
12:32:19.226 [main] INFO org.springframework.test.web.servlet.TestDispatcherServlet - Initializing Servlet ''
12:32:19.226 [main] DEBUG org.springframework.test.web.servlet.TestDispatcherServlet - Detected AcceptHeaderLocaleResolver
12:32:19.226 [main] DEBUG org.springframework.test.web.servlet.TestDispatcherServlet - Detected FixedThemeResolver
12:32:19.226 [main] DEBUG org.springframework.test.web.servlet.TestDispatcherServlet - Detected org.springframework.web.servlet.view.DefaultRequestToViewNameTranslator@189b5fb1
12:32:19.226 [main] DEBUG org.springframework.test.web.servlet.TestDispatcherServlet - Detected org.springframework.web.servlet.support.SessionFlashMapManager@783ec989
12:32:19.226 [main] DEBUG org.springframework.test.web.servlet.TestDispatcherServlet - enableLoggingRequestDetails='false': request parameters and headers will be masked to prevent unsafe logging of potentially sensitive data
12:32:19.226 [main] INFO org.springframework.test.web.servlet.TestDispatcherServlet - Completed initialization in 0 ms
12:32:19.227 [main] DEBUG org.springframework.test.web.servlet.TestDispatcherServlet - PUT "/account-system/mvc/account-type/PLAY", parameters={masked}
12:32:19.227 [main] DEBUG org.springframework.web.servlet.mvc.method.annotation.RequestMappingHandlerMapping - Mapped to public org.springframework.http.ResponseEntity<za.ac.nwu.ac.domain.service.GeneralResponse<za.ac.nwu.ac.domain.dto.AccountTypeDto>> za.ac.nwu.ac.web.sb.controller.AccountTypeController.updateAccountType(java.lang.String,java.lang.String,java.time.LocalDate)
12:32:19.231 [main] DEBUG org.springframework.web.servlet.mvc.method.annotation.HttpEntityMethodProcessor - Using 'application/json', given [application/json] and supported [application/json, application/*+json]
12:32:19.231 [main] DEBUG org.springframework.web.servlet.mvc.method.annotation.HttpEntityMethodProcessor - Writing [GeneralResponse{successful=true,payload=null}]
12:32:19.231 [main] DEBUG org.springframework.test.web.servlet.TestDispatcherServlet - Completed 201 CREATED
]]></system-out>
  </testcase>
  <testcase name="updateAccountTypeWithNoOptionalDate" classname="za.ac.nwu.ac.web.sb.controller.AccountTypeControllerTest" time="0.021">
    <failure message="Status expected:&lt;200&gt; but was:&lt;201&gt;" type="java.lang.AssertionError"><![CDATA[java.lang.AssertionError: Status expected:<200> but was:<201>
	at za.ac.nwu.ac.web.sb.controller.AccountTypeControllerTest.updateAccountTypeWithNoOptionalDate(AccountTypeControllerTest.java:175)
]]></failure>
    <system-out><![CDATA[12:32:19.235 [main] DEBUG org.springframework.web.servlet.mvc.method.annotation.RequestMappingHandlerMapping - 5 mappings in <unknown>
12:32:19.239 [main] DEBUG org.hibernate.validator.internal.engine.resolver.TraversableResolvers - Found javax.persistence.Persistence on classpath containing 'getPersistenceUtil'. Assuming JPA 2 environment. Trying to instantiate JPA aware TraversableResolver
12:32:19.239 [main] DEBUG org.hibernate.validator.internal.engine.resolver.TraversableResolvers - Instantiated JPA aware TraversableResolver of type org.hibernate.validator.internal.engine.resolver.JPATraversableResolver.
12:32:19.239 [main] DEBUG org.hibernate.validator.messageinterpolation.ResourceBundleMessageInterpolator - Loaded expression factory via original TCCL
12:32:19.240 [main] DEBUG org.hibernate.validator.internal.engine.ConfigurationImpl - Setting custom MessageInterpolator of type org.springframework.validation.beanvalidation.LocaleContextMessageInterpolator
12:32:19.240 [main] DEBUG org.hibernate.validator.internal.engine.ConfigurationImpl - Setting custom ParameterNameProvider of type org.springframework.validation.beanvalidation.LocalValidatorFactoryBean$1
12:32:19.241 [main] DEBUG org.hibernate.validator.internal.xml.config.ValidationXmlParser - Trying to load META-INF/validation.xml for XML based Validator configuration.
12:32:19.241 [main] DEBUG org.hibernate.validator.internal.xml.config.ResourceLoaderHelper - Trying to load META-INF/validation.xml via TCCL
12:32:19.241 [main] DEBUG org.hibernate.validator.internal.xml.config.ResourceLoaderHelper - Trying to load META-INF/validation.xml via Hibernate Validator's class loader
12:32:19.241 [main] DEBUG org.hibernate.validator.internal.xml.config.ValidationXmlParser - No META-INF/validation.xml found. Using annotation based configuration only.
12:32:19.245 [main] DEBUG org.hibernate.validator.internal.engine.ValidatorFactoryImpl - HV000234: Using org.springframework.validation.beanvalidation.LocaleContextMessageInterpolator as ValidatorFactory-scoped message interpolator.
12:32:19.245 [main] DEBUG org.hibernate.validator.internal.engine.ValidatorFactoryImpl - HV000234: Using org.hibernate.validator.internal.engine.resolver.JPATraversableResolver as ValidatorFactory-scoped traversable resolver.
12:32:19.245 [main] DEBUG org.hibernate.validator.internal.engine.ValidatorFactoryImpl - HV000234: Using org.hibernate.validator.internal.util.ExecutableParameterNameProvider as ValidatorFactory-scoped parameter name provider.
12:32:19.245 [main] DEBUG org.hibernate.validator.internal.engine.ValidatorFactoryImpl - HV000234: Using org.hibernate.validator.internal.engine.DefaultClockProvider as ValidatorFactory-scoped clock provider.
12:32:19.245 [main] DEBUG org.hibernate.validator.internal.engine.ValidatorFactoryImpl - HV000234: Using org.hibernate.validator.internal.engine.scripting.DefaultScriptEvaluatorFactory as ValidatorFactory-scoped script evaluator factory.
12:32:19.246 [main] DEBUG org.springframework.web.servlet.mvc.method.annotation.RequestMappingHandlerAdapter - ControllerAdvice beans: 0 @ModelAttribute, 0 @InitBinder, 1 RequestBodyAdvice, 1 ResponseBodyAdvice
12:32:19.248 [main] DEBUG org.springframework.web.servlet.mvc.method.annotation.ExceptionHandlerExceptionResolver - ControllerAdvice beans: 0 @ExceptionHandler, 1 ResponseBodyAdvice
12:32:19.248 [main] INFO org.springframework.mock.web.MockServletContext - Initializing Spring TestDispatcherServlet ''
12:32:19.248 [main] INFO org.springframework.test.web.servlet.TestDispatcherServlet - Initializing Servlet ''
12:32:19.248 [main] DEBUG org.springframework.test.web.servlet.TestDispatcherServlet - Detected AcceptHeaderLocaleResolver
12:32:19.248 [main] DEBUG org.springframework.test.web.servlet.TestDispatcherServlet - Detected FixedThemeResolver
12:32:19.248 [main] DEBUG org.springframework.test.web.servlet.TestDispatcherServlet - Detected org.springframework.web.servlet.view.DefaultRequestToViewNameTranslator@21ab988f
12:32:19.248 [main] DEBUG org.springframework.test.web.servlet.TestDispatcherServlet - Detected org.springframework.web.servlet.support.SessionFlashMapManager@29314cc9
12:32:19.248 [main] DEBUG org.springframework.test.web.servlet.TestDispatcherServlet - enableLoggingRequestDetails='false': request parameters and headers will be masked to prevent unsafe logging of potentially sensitive data
12:32:19.248 [main] INFO org.springframework.test.web.servlet.TestDispatcherServlet - Completed initialization in 0 ms
12:32:19.249 [main] DEBUG org.springframework.test.web.servlet.TestDispatcherServlet - PUT "/account-system/mvc/account-type/PLAY", parameters={masked}
12:32:19.249 [main] DEBUG org.springframework.web.servlet.mvc.method.annotation.RequestMappingHandlerMapping - Mapped to public org.springframework.http.ResponseEntity<za.ac.nwu.ac.domain.service.GeneralResponse<za.ac.nwu.ac.domain.dto.AccountTypeDto>> za.ac.nwu.ac.web.sb.controller.AccountTypeController.updateAccountType(java.lang.String,java.lang.String,java.time.LocalDate)
12:32:19.251 [main] DEBUG org.springframework.web.servlet.mvc.method.annotation.HttpEntityMethodProcessor - Using 'application/json', given [application/json] and supported [application/json, application/*+json]
12:32:19.251 [main] DEBUG org.springframework.web.servlet.mvc.method.annotation.HttpEntityMethodProcessor - Writing [GeneralResponse{successful=true,payload=null}]
12:32:19.252 [main] DEBUG org.springframework.test.web.servlet.TestDispatcherServlet - Completed 201 CREATED
]]></system-out>
  </testcase>
  <testcase name="deleteAccountType" classname="za.ac.nwu.ac.web.sb.controller.AccountTypeControllerTest" time="0.017">
    <error message="Text &apos;2021 - 04 - 01&apos; could not be parsed at index 4" type="java.time.format.DateTimeParseException">java.time.format.DateTimeParseException: Text '2021 - 04 - 01' could not be parsed at index 4
	at za.ac.nwu.ac.web.sb.controller.AccountTypeControllerTest.deleteAccountType(AccountTypeControllerTest.java:121)
</error>
    <system-out><![CDATA[12:32:19.254 [main] DEBUG org.springframework.web.servlet.mvc.method.annotation.RequestMappingHandlerMapping - 5 mappings in <unknown>
12:32:19.257 [main] DEBUG org.hibernate.validator.internal.engine.resolver.TraversableResolvers - Found javax.persistence.Persistence on classpath containing 'getPersistenceUtil'. Assuming JPA 2 environment. Trying to instantiate JPA aware TraversableResolver
12:32:19.257 [main] DEBUG org.hibernate.validator.internal.engine.resolver.TraversableResolvers - Instantiated JPA aware TraversableResolver of type org.hibernate.validator.internal.engine.resolver.JPATraversableResolver.
12:32:19.257 [main] DEBUG org.hibernate.validator.messageinterpolation.ResourceBundleMessageInterpolator - Loaded expression factory via original TCCL
12:32:19.257 [main] DEBUG org.hibernate.validator.internal.engine.ConfigurationImpl - Setting custom MessageInterpolator of type org.springframework.validation.beanvalidation.LocaleContextMessageInterpolator
12:32:19.257 [main] DEBUG org.hibernate.validator.internal.engine.ConfigurationImpl - Setting custom ParameterNameProvider of type org.springframework.validation.beanvalidation.LocalValidatorFactoryBean$1
12:32:19.258 [main] DEBUG org.hibernate.validator.internal.xml.config.ValidationXmlParser - Trying to load META-INF/validation.xml for XML based Validator configuration.
12:32:19.258 [main] DEBUG org.hibernate.validator.internal.xml.config.ResourceLoaderHelper - Trying to load META-INF/validation.xml via TCCL
12:32:19.258 [main] DEBUG org.hibernate.validator.internal.xml.config.ResourceLoaderHelper - Trying to load META-INF/validation.xml via Hibernate Validator's class loader
12:32:19.258 [main] DEBUG org.hibernate.validator.internal.xml.config.ValidationXmlParser - No META-INF/validation.xml found. Using annotation based configuration only.
12:32:19.264 [main] DEBUG org.hibernate.validator.internal.engine.ValidatorFactoryImpl - HV000234: Using org.springframework.validation.beanvalidation.LocaleContextMessageInterpolator as ValidatorFactory-scoped message interpolator.
12:32:19.264 [main] DEBUG org.hibernate.validator.internal.engine.ValidatorFactoryImpl - HV000234: Using org.hibernate.validator.internal.engine.resolver.JPATraversableResolver as ValidatorFactory-scoped traversable resolver.
12:32:19.264 [main] DEBUG org.hibernate.validator.internal.engine.ValidatorFactoryImpl - HV000234: Using org.hibernate.validator.internal.util.ExecutableParameterNameProvider as ValidatorFactory-scoped parameter name provider.
12:32:19.264 [main] DEBUG org.hibernate.validator.internal.engine.ValidatorFactoryImpl - HV000234: Using org.hibernate.validator.internal.engine.DefaultClockProvider as ValidatorFactory-scoped clock provider.
12:32:19.264 [main] DEBUG org.hibernate.validator.internal.engine.ValidatorFactoryImpl - HV000234: Using org.hibernate.validator.internal.engine.scripting.DefaultScriptEvaluatorFactory as ValidatorFactory-scoped script evaluator factory.
12:32:19.265 [main] DEBUG org.springframework.web.servlet.mvc.method.annotation.RequestMappingHandlerAdapter - ControllerAdvice beans: 0 @ModelAttribute, 0 @InitBinder, 1 RequestBodyAdvice, 1 ResponseBodyAdvice
12:32:19.267 [main] DEBUG org.springframework.web.servlet.mvc.method.annotation.ExceptionHandlerExceptionResolver - ControllerAdvice beans: 0 @ExceptionHandler, 1 ResponseBodyAdvice
12:32:19.267 [main] INFO org.springframework.mock.web.MockServletContext - Initializing Spring TestDispatcherServlet ''
12:32:19.267 [main] INFO org.springframework.test.web.servlet.TestDispatcherServlet - Initializing Servlet ''
12:32:19.267 [main] DEBUG org.springframework.test.web.servlet.TestDispatcherServlet - Detected AcceptHeaderLocaleResolver
12:32:19.267 [main] DEBUG org.springframework.test.web.servlet.TestDispatcherServlet - Detected FixedThemeResolver
12:32:19.267 [main] DEBUG org.springframework.test.web.servlet.TestDispatcherServlet - Detected org.springframework.web.servlet.view.DefaultRequestToViewNameTranslator@5d1e09bc
12:32:19.267 [main] DEBUG org.springframework.test.web.servlet.TestDispatcherServlet - Detected org.springframework.web.servlet.support.SessionFlashMapManager@4bdc8b5d
12:32:19.267 [main] DEBUG org.springframework.test.web.servlet.TestDispatcherServlet - enableLoggingRequestDetails='false': request parameters and headers will be masked to prevent unsafe logging of potentially sensitive data
12:32:19.267 [main] INFO org.springframework.test.web.servlet.TestDispatcherServlet - Completed initialization in 0 ms
]]></system-out>
  </testcase>
</testsuite>